======================= T:0=======================
[Waiting-to-Enter Queue]: D9-D10-D11-D12-D13-D14-D15-D16-D17-D18-D19-D20-D21-D22-D23-D24-D25-D26-D27-D28-D29-D30-D31-D32-D33-D34-D35-D36-D37-D38
[Food Stall: Bamboo Shop]: 
[Food Stall: PigPan Deli]: 
[Food Stall: BlueMART Vending Machine]: 
[Waiting-to-Seat Queue]: 
[Table 3]: 
[Table 4]: 
[Table 5]: 
[Done Queue]: 

@D9-1 queues up at PigPan Deli, and waiting to order.
======================= T:1=======================
[Waiting-to-Enter Queue]: D10-D11-D12-D13-D14-D15-D16-D17-D18-D19-D20-D21-D22-D23-D24-D25-D26-D27-D28-D29-D30-D31-D32-D33-D34-D35-D36-D37-D38
[Food Stall: Bamboo Shop]: D9
[Food Stall: PigPan Deli]: 
[Food Stall: BlueMART Vending Machine]: 
[Waiting-to-Seat Queue]: 
[Table 3]: 
[Table 4]: 
[Table 5]: 
[Done Queue]: 

@D9-2 orders from Bamboo Shop, and will need to wait for 9 periods to cook.
@D10-1 queues up at BlueMART Vending Machine, and waiting to order.
======================= T:2=======================
[Waiting-to-Enter Queue]: D11-D12-D13-D14-D15-D16-D17-D18-D19-D20-D21-D22-D23-D24-D25-D26-D27-D28-D29-D30-D31-D32-D33-D34-D35-D36-D37-D38
[Food Stall: Bamboo Shop]: D9
[Food Stall: PigPan Deli]: D10
[Food Stall: BlueMART Vending Machine]: 
[Waiting-to-Seat Queue]: 
[Table 3]: 
[Table 4]: 
[Table 5]: 
[Done Queue]: 

@D10-2 orders from PigPan Deli, and will need to wait for 9 periods to cook.
@D11-1 queues up at Bamboo Shop, and waiting to order.
======================= T:3=======================
[Waiting-to-Enter Queue]: D12-D13-D14-D15-D16-D17-D18-D19-D20-D21-D22-D23-D24-D25-D26-D27-D28-D29-D30-D31-D32-D33-D34-D35-D36-D37-D38
[Food Stall: Bamboo Shop]: D9
[Food Stall: PigPan Deli]: D10
[Food Stall: BlueMART Vending Machine]: D11
[Waiting-to-Seat Queue]: 
[Table 3]: 
[Table 4]: 
[Table 5]: 
[Done Queue]: 

@D11-2 orders from BlueMART Vending Machine, and will need to wait for 9 periods to cook.
@D12-1 queues up at PigPan Deli, and waiting to order.
======================= T:4=======================
[Waiting-to-Enter Queue]: D13-D14-D15-D16-D17-D18-D19-D20-D21-D22-D23-D24-D25-D26-D27-D28-D29-D30-D31-D32-D33-D34-D35-D36-D37-D38
[Food Stall: Bamboo Shop]: D9-D12
[Food Stall: PigPan Deli]: D10
[Food Stall: BlueMART Vending Machine]: D11
[Waiting-to-Seat Queue]: 
[Table 3]: 
[Table 4]: 
[Table 5]: 
[Done Queue]: 

@D13-1 queues up at BlueMART Vending Machine, and waiting to order.
======================= T:5=======================
[Waiting-to-Enter Queue]: D14-D15-D16-D17-D18-D19-D20-D21-D22-D23-D24-D25-D26-D27-D28-D29-D30-D31-D32-D33-D34-D35-D36-D37-D38
[Food Stall: Bamboo Shop]: D9-D12
[Food Stall: PigPan Deli]: D10-D13
[Food Stall: BlueMART Vending Machine]: D11
[Waiting-to-Seat Queue]: 
[Table 3]: 
[Table 4]: 
[Table 5]: 
[Done Queue]: 

@D14-1 queues up at Bamboo Shop, and waiting to order.
======================= T:6=======================
[Waiting-to-Enter Queue]: D15-D16-D17-D18-D19-D20-D21-D22-D23-D24-D25-D26-D27-D28-D29-D30-D31-D32-D33-D34-D35-D36-D37-D38
[Food Stall: Bamboo Shop]: D9-D12
[Food Stall: PigPan Deli]: D10-D13
[Food Stall: BlueMART Vending Machine]: D11-D14
[Waiting-to-Seat Queue]: 
[Table 3]: 
[Table 4]: 
[Table 5]: 
[Done Queue]: 

@D15-1 queues up at PigPan Deli, and waiting to order.
======================= T:7=======================
[Waiting-to-Enter Queue]: D16-D17-D18-D19-D20-D21-D22-D23-D24-D25-D26-D27-D28-D29-D30-D31-D32-D33-D34-D35-D36-D37-D38
[Food Stall: Bamboo Shop]: D9-D12-D15
[Food Stall: PigPan Deli]: D10-D13
[Food Stall: BlueMART Vending Machine]: D11-D14
[Waiting-to-Seat Queue]: 
[Table 3]: 
[Table 4]: 
[Table 5]: 
[Done Queue]: 

@D16-1 queues up at BlueMART Vending Machine, and waiting to order.
======================= T:8=======================
[Waiting-to-Enter Queue]: D17-D18-D19-D20-D21-D22-D23-D24-D25-D26-D27-D28-D29-D30-D31-D32-D33-D34-D35-D36-D37-D38
[Food Stall: Bamboo Shop]: D9-D12-D15
[Food Stall: PigPan Deli]: D10-D13-D16
[Food Stall: BlueMART Vending Machine]: D11-D14
[Waiting-to-Seat Queue]: 
[Table 3]: 
[Table 4]: 
[Table 5]: 
[Done Queue]: 

@D17-1 queues up at Bamboo Shop, and waiting to order.
======================= T:9=======================
[Waiting-to-Enter Queue]: D18-D19-D20-D21-D22-D23-D24-D25-D26-D27-D28-D29-D30-D31-D32-D33-D34-D35-D36-D37-D38
[Food Stall: Bamboo Shop]: D9-D12-D15
[Food Stall: PigPan Deli]: D10-D13-D16
[Food Stall: BlueMART Vending Machine]: D11-D14-D17
[Waiting-to-Seat Queue]: 
[Table 3]: 
[Table 4]: 
[Table 5]: 
[Done Queue]: 

@D18-1 queues up at PigPan Deli, and waiting to order.
======================= T:10=======================
[Waiting-to-Enter Queue]: D19-D20-D21-D22-D23-D24-D25-D26-D27-D28-D29-D30-D31-D32-D33-D34-D35-D36-D37-D38
[Food Stall: Bamboo Shop]: D9-D12-D15-D18
[Food Stall: PigPan Deli]: D10-D13-D16
[Food Stall: BlueMART Vending Machine]: D11-D14-D17
[Waiting-to-Seat Queue]: 
[Table 3]: 
[Table 4]: 
[Table 5]: 
[Done Queue]: 

@D19-1 queues up at BlueMART Vending Machine, and waiting to order.
======================= T:11=======================
[Waiting-to-Enter Queue]: D20-D21-D22-D23-D24-D25-D26-D27-D28-D29-D30-D31-D32-D33-D34-D35-D36-D37-D38
[Food Stall: Bamboo Shop]: D9-D12-D15-D18
[Food Stall: PigPan Deli]: D10-D13-D16-D19
[Food Stall: BlueMART Vending Machine]: D11-D14-D17
[Waiting-to-Seat Queue]: 
[Table 3]: 
[Table 4]: 
[Table 5]: 
[Done Queue]: 

@D9-3 at Bamboo Shop using DEFAULT payment which requires 3 period(s) to process payment.
@D20-1 queues up at Bamboo Shop, and waiting to order.
======================= T:12=======================
[Waiting-to-Enter Queue]: D21-D22-D23-D24-D25-D26-D27-D28-D29-D30-D31-D32-D33-D34-D35-D36-D37-D38
[Food Stall: Bamboo Shop]: D9-D12-D15-D18
[Food Stall: PigPan Deli]: D10-D13-D16-D19
[Food Stall: BlueMART Vending Machine]: D11-D14-D17-D20
[Waiting-to-Seat Queue]: 
[Table 3]: 
[Table 4]: 
[Table 5]: 
[Done Queue]: 

@D10-3 at PigPan Deli using DEFAULT payment which requires 3 period(s) to process payment.
@D21-1 queues up at PigPan Deli, and waiting to order.
======================= T:13=======================
[Waiting-to-Enter Queue]: D22-D23-D24-D25-D26-D27-D28-D29-D30-D31-D32-D33-D34-D35-D36-D37-D38
[Food Stall: Bamboo Shop]: D9-D12-D15-D18-D21
[Food Stall: PigPan Deli]: D10-D13-D16-D19
[Food Stall: BlueMART Vending Machine]: D11-D14-D17-D20
[Waiting-to-Seat Queue]: 
[Table 3]: 
[Table 4]: 
[Table 5]: 
[Done Queue]: 

@D11-3 at BlueMART Vending Machine using DEFAULT payment which requires 3 period(s) to process payment.
@D22-1 queues up at BlueMART Vending Machine, and waiting to order.
======================= T:14=======================
[Waiting-to-Enter Queue]: D23-D24-D25-D26-D27-D28-D29-D30-D31-D32-D33-D34-D35-D36-D37-D38
[Food Stall: Bamboo Shop]: D9-D12-D15-D18-D21
[Food Stall: PigPan Deli]: D10-D13-D16-D19-D22
[Food Stall: BlueMART Vending Machine]: D11-D14-D17-D20
[Waiting-to-Seat Queue]: 
[Table 3]: 
[Table 4]: 
[Table 5]: 
[Done Queue]: 

@D23-1 queues up at Bamboo Shop, and waiting to order.
======================= T:15=======================
[Waiting-to-Enter Queue]: D24-D25-D26-D27-D28-D29-D30-D31-D32-D33-D34-D35-D36-D37-D38
[Food Stall: Bamboo Shop]: D9-D12-D15-D18-D21
[Food Stall: PigPan Deli]: D10-D13-D16-D19-D22
[Food Stall: BlueMART Vending Machine]: D11-D14-D17-D20-D23
[Waiting-to-Seat Queue]: 
[Table 3]: 
[Table 4]: 
[Table 5]: 
[Done Queue]: 

@D9-4 retrieves food from Bamboo Shop, and goes to Waiting-to-Seat Queue.
======================= T:16=======================
[Waiting-to-Enter Queue]: D24-D25-D26-D27-D28-D29-D30-D31-D32-D33-D34-D35-D36-D37-D38
[Food Stall: Bamboo Shop]: D12-D15-D18-D21
[Food Stall: PigPan Deli]: D10-D13-D16-D19-D22
[Food Stall: BlueMART Vending Machine]: D11-D14-D17-D20-D23
[Waiting-to-Seat Queue]: D9
[Table 3]: 
[Table 4]: 
[Table 5]: 
[Done Queue]: 

@D9-5 sits at Table 1.
@D10-4 retrieves food from PigPan Deli, and goes to Waiting-to-Seat Queue.
@D12-2 orders from Bamboo Shop, and will need to wait for 9 periods to cook.
@D24-1 queues up at Bamboo Shop, and waiting to order.
======================= T:17=======================
[Waiting-to-Enter Queue]: D25-D26-D27-D28-D29-D30-D31-D32-D33-D34-D35-D36-D37-D38
[Food Stall: Bamboo Shop]: D12-D15-D18-D21-D24
[Food Stall: PigPan Deli]: D13-D16-D19-D22
[Food Stall: BlueMART Vending Machine]: D11-D14-D17-D20-D23
[Waiting-to-Seat Queue]: D10
[Table 3]: D9
[Table 4]: 
[Table 5]: 
[Done Queue]: 

@D9-6 eats at the table, and will need 28 periods to eat his/her meal.
@D10-5 sits at Table 1.
@D11-4 retrieves food from BlueMART Vending Machine, and goes to Waiting-to-Seat Queue.
@D13-2 orders from PigPan Deli, and will need to wait for 9 periods to cook.
@D25-1 queues up at Bamboo Shop, and waiting to order.
======================= T:18=======================
[Waiting-to-Enter Queue]: D26-D27-D28-D29-D30-D31-D32-D33-D34-D35-D36-D37-D38
[Food Stall: Bamboo Shop]: D12-D15-D18-D21-D24
[Food Stall: PigPan Deli]: D13-D16-D19-D22-D25
[Food Stall: BlueMART Vending Machine]: D14-D17-D20-D23
[Waiting-to-Seat Queue]: D11
[Table 3]: D9-D10
[Table 4]: 
[Table 5]: 
[Done Queue]: 

@D10-6 eats at the table, and will need 28 periods to eat his/her meal.
@D11-5 sits at Table 1.
@D14-2 orders from BlueMART Vending Machine, and will need to wait for 9 periods to cook.
@D26-1 queues up at Bamboo Shop, and waiting to order.
======================= T:19=======================
[Waiting-to-Enter Queue]: D27-D28-D29-D30-D31-D32-D33-D34-D35-D36-D37-D38
[Food Stall: Bamboo Shop]: D12-D15-D18-D21-D24
[Food Stall: PigPan Deli]: D13-D16-D19-D22-D25
[Food Stall: BlueMART Vending Machine]: D14-D17-D20-D23-D26
[Waiting-to-Seat Queue]: 
[Table 3]: D9-D10-D11
[Table 4]: 
[Table 5]: 
[Done Queue]: 

@D11-6 eats at the table, and will need 28 periods to eat his/her meal.
======================= T:20=======================
[Waiting-to-Enter Queue]: D27-D28-D29-D30-D31-D32-D33-D34-D35-D36-D37-D38
[Food Stall: Bamboo Shop]: D12-D15-D18-D21-D24
[Food Stall: PigPan Deli]: D13-D16-D19-D22-D25
[Food Stall: BlueMART Vending Machine]: D14-D17-D20-D23-D26
[Waiting-to-Seat Queue]: 
[Table 3]: D9-D10-D11
[Table 4]: 
[Table 5]: 
[Done Queue]: 

======================= T:21=======================
[Waiting-to-Enter Queue]: D27-D28-D29-D30-D31-D32-D33-D34-D35-D36-D37-D38
[Food Stall: Bamboo Shop]: D12-D15-D18-D21-D24
[Food Stall: PigPan Deli]: D13-D16-D19-D22-D25
[Food Stall: BlueMART Vending Machine]: D14-D17-D20-D23-D26
[Waiting-to-Seat Queue]: 
[Table 3]: D9-D10-D11
[Table 4]: 
[Table 5]: 
[Done Queue]: 

======================= T:22=======================
[Waiting-to-Enter Queue]: D27-D28-D29-D30-D31-D32-D33-D34-D35-D36-D37-D38
[Food Stall: Bamboo Shop]: D12-D15-D18-D21-D24
[Food Stall: PigPan Deli]: D13-D16-D19-D22-D25
[Food Stall: BlueMART Vending Machine]: D14-D17-D20-D23-D26
[Waiting-to-Seat Queue]: 
[Table 3]: D9-D10-D11
[Table 4]: 
[Table 5]: 
[Done Queue]: 

======================= T:23=======================
[Waiting-to-Enter Queue]: D27-D28-D29-D30-D31-D32-D33-D34-D35-D36-D37-D38
[Food Stall: Bamboo Shop]: D12-D15-D18-D21-D24
[Food Stall: PigPan Deli]: D13-D16-D19-D22-D25
[Food Stall: BlueMART Vending Machine]: D14-D17-D20-D23-D26
[Waiting-to-Seat Queue]: 
[Table 3]: D9-D10-D11
[Table 4]: 
[Table 5]: 
[Done Queue]: 

======================= T:24=======================
[Waiting-to-Enter Queue]: D27-D28-D29-D30-D31-D32-D33-D34-D35-D36-D37-D38
[Food Stall: Bamboo Shop]: D12-D15-D18-D21-D24
[Food Stall: PigPan Deli]: D13-D16-D19-D22-D25
[Food Stall: BlueMART Vending Machine]: D14-D17-D20-D23-D26
[Waiting-to-Seat Queue]: 
[Table 3]: D9-D10-D11
[Table 4]: 
[Table 5]: 
[Done Queue]: 

======================= T:25=======================
[Waiting-to-Enter Queue]: D27-D28-D29-D30-D31-D32-D33-D34-D35-D36-D37-D38
[Food Stall: Bamboo Shop]: D12-D15-D18-D21-D24
[Food Stall: PigPan Deli]: D13-D16-D19-D22-D25
[Food Stall: BlueMART Vending Machine]: D14-D17-D20-D23-D26
[Waiting-to-Seat Queue]: 
[Table 3]: D9-D10-D11
[Table 4]: 
[Table 5]: 
[Done Queue]: 

======================= T:26=======================
[Waiting-to-Enter Queue]: D27-D28-D29-D30-D31-D32-D33-D34-D35-D36-D37-D38
[Food Stall: Bamboo Shop]: D12-D15-D18-D21-D24
[Food Stall: PigPan Deli]: D13-D16-D19-D22-D25
[Food Stall: BlueMART Vending Machine]: D14-D17-D20-D23-D26
[Waiting-to-Seat Queue]: 
[Table 3]: D9-D10-D11
[Table 4]: 
[Table 5]: 
[Done Queue]: 

@D12-3 at Bamboo Shop using DEFAULT payment which requires 3 period(s) to process payment.
======================= T:27=======================
[Waiting-to-Enter Queue]: D27-D28-D29-D30-D31-D32-D33-D34-D35-D36-D37-D38
[Food Stall: Bamboo Shop]: D12-D15-D18-D21-D24
[Food Stall: PigPan Deli]: D13-D16-D19-D22-D25
[Food Stall: BlueMART Vending Machine]: D14-D17-D20-D23-D26
[Waiting-to-Seat Queue]: 
[Table 3]: D9-D10-D11
[Table 4]: 
[Table 5]: 
[Done Queue]: 

@D13-3 at PigPan Deli using DEFAULT payment which requires 3 period(s) to process payment.
======================= T:28=======================
[Waiting-to-Enter Queue]: D27-D28-D29-D30-D31-D32-D33-D34-D35-D36-D37-D38
[Food Stall: Bamboo Shop]: D12-D15-D18-D21-D24
[Food Stall: PigPan Deli]: D13-D16-D19-D22-D25
[Food Stall: BlueMART Vending Machine]: D14-D17-D20-D23-D26
[Waiting-to-Seat Queue]: 
[Table 3]: D9-D10-D11
[Table 4]: 
[Table 5]: 
[Done Queue]: 

@D14-3 at BlueMART Vending Machine using DEFAULT payment which requires 3 period(s) to process payment.
======================= T:29=======================
[Waiting-to-Enter Queue]: D27-D28-D29-D30-D31-D32-D33-D34-D35-D36-D37-D38
[Food Stall: Bamboo Shop]: D12-D15-D18-D21-D24
[Food Stall: PigPan Deli]: D13-D16-D19-D22-D25
[Food Stall: BlueMART Vending Machine]: D14-D17-D20-D23-D26
[Waiting-to-Seat Queue]: 
[Table 3]: D9-D10-D11
[Table 4]: 
[Table 5]: 
[Done Queue]: 

======================= T:30=======================
[Waiting-to-Enter Queue]: D27-D28-D29-D30-D31-D32-D33-D34-D35-D36-D37-D38
[Food Stall: Bamboo Shop]: D12-D15-D18-D21-D24
[Food Stall: PigPan Deli]: D13-D16-D19-D22-D25
[Food Stall: BlueMART Vending Machine]: D14-D17-D20-D23-D26
[Waiting-to-Seat Queue]: 
[Table 3]: D9-D10-D11
[Table 4]: 
[Table 5]: 
[Done Queue]: 

@D12-4 retrieves food from Bamboo Shop, and goes to Waiting-to-Seat Queue.
======================= T:31=======================
[Waiting-to-Enter Queue]: D27-D28-D29-D30-D31-D32-D33-D34-D35-D36-D37-D38
[Food Stall: Bamboo Shop]: D15-D18-D21-D24
[Food Stall: PigPan Deli]: D13-D16-D19-D22-D25
[Food Stall: BlueMART Vending Machine]: D14-D17-D20-D23-D26
[Waiting-to-Seat Queue]: D12
[Table 3]: D9-D10-D11
[Table 4]: 
[Table 5]: 
[Done Queue]: 

@D12-5 sits at Table 1.
@D13-4 retrieves food from PigPan Deli, and goes to Waiting-to-Seat Queue.
@D15-2 orders from Bamboo Shop, and will need to wait for 9 periods to cook.
@D27-1 queues up at Bamboo Shop, and waiting to order.
======================= T:32=======================
[Waiting-to-Enter Queue]: D28-D29-D30-D31-D32-D33-D34-D35-D36-D37-D38
[Food Stall: Bamboo Shop]: D15-D18-D21-D24-D27
[Food Stall: PigPan Deli]: D16-D19-D22-D25
[Food Stall: BlueMART Vending Machine]: D14-D17-D20-D23-D26
[Waiting-to-Seat Queue]: D13
[Table 3]: D9-D10-D11-D12
[Table 4]: 
[Table 5]: 
[Done Queue]: 

@D12-6 eats at the table, and will need 28 periods to eat his/her meal.
@D13-5 sits at Table 1.
@D14-4 retrieves food from BlueMART Vending Machine, and goes to Waiting-to-Seat Queue.
@D16-2 orders from PigPan Deli, and will need to wait for 9 periods to cook.
@D28-1 queues up at Bamboo Shop, and waiting to order.
======================= T:33=======================
[Waiting-to-Enter Queue]: D29-D30-D31-D32-D33-D34-D35-D36-D37-D38
[Food Stall: Bamboo Shop]: D15-D18-D21-D24-D27
[Food Stall: PigPan Deli]: D16-D19-D22-D25-D28
[Food Stall: BlueMART Vending Machine]: D17-D20-D23-D26
[Waiting-to-Seat Queue]: D14
[Table 3]: D9-D10-D11-D12
[Table 4]: D13
[Table 5]: 
[Done Queue]: 

@D13-6 eats at the table, and will need 28 periods to eat his/her meal.
@D14-5 sits at Table 1.
@D17-2 orders from BlueMART Vending Machine, and will need to wait for 9 periods to cook.
@D29-1 queues up at Bamboo Shop, and waiting to order.
======================= T:34=======================
[Waiting-to-Enter Queue]: D30-D31-D32-D33-D34-D35-D36-D37-D38
[Food Stall: Bamboo Shop]: D15-D18-D21-D24-D27
[Food Stall: PigPan Deli]: D16-D19-D22-D25-D28
[Food Stall: BlueMART Vending Machine]: D17-D20-D23-D26-D29
[Waiting-to-Seat Queue]: 
[Table 3]: D9-D10-D11-D12
[Table 4]: D13-D14
[Table 5]: 
[Done Queue]: 

@D14-6 eats at the table, and will need 28 periods to eat his/her meal.
======================= T:35=======================
[Waiting-to-Enter Queue]: D30-D31-D32-D33-D34-D35-D36-D37-D38
[Food Stall: Bamboo Shop]: D15-D18-D21-D24-D27
[Food Stall: PigPan Deli]: D16-D19-D22-D25-D28
[Food Stall: BlueMART Vending Machine]: D17-D20-D23-D26-D29
[Waiting-to-Seat Queue]: 
[Table 3]: D9-D10-D11-D12
[Table 4]: D13-D14
[Table 5]: 
[Done Queue]: 

======================= T:36=======================
[Waiting-to-Enter Queue]: D30-D31-D32-D33-D34-D35-D36-D37-D38
[Food Stall: Bamboo Shop]: D15-D18-D21-D24-D27
[Food Stall: PigPan Deli]: D16-D19-D22-D25-D28
[Food Stall: BlueMART Vending Machine]: D17-D20-D23-D26-D29
[Waiting-to-Seat Queue]: 
[Table 3]: D9-D10-D11-D12
[Table 4]: D13-D14
[Table 5]: 
[Done Queue]: 

======================= T:37=======================
[Waiting-to-Enter Queue]: D30-D31-D32-D33-D34-D35-D36-D37-D38
[Food Stall: Bamboo Shop]: D15-D18-D21-D24-D27
[Food Stall: PigPan Deli]: D16-D19-D22-D25-D28
[Food Stall: BlueMART Vending Machine]: D17-D20-D23-D26-D29
[Waiting-to-Seat Queue]: 
[Table 3]: D9-D10-D11-D12
[Table 4]: D13-D14
[Table 5]: 
[Done Queue]: 

======================= T:38=======================
[Waiting-to-Enter Queue]: D30-D31-D32-D33-D34-D35-D36-D37-D38
[Food Stall: Bamboo Shop]: D15-D18-D21-D24-D27
[Food Stall: PigPan Deli]: D16-D19-D22-D25-D28
[Food Stall: BlueMART Vending Machine]: D17-D20-D23-D26-D29
[Waiting-to-Seat Queue]: 
[Table 3]: D9-D10-D11-D12
[Table 4]: D13-D14
[Table 5]: 
[Done Queue]: 

======================= T:39=======================
[Waiting-to-Enter Queue]: D30-D31-D32-D33-D34-D35-D36-D37-D38
[Food Stall: Bamboo Shop]: D15-D18-D21-D24-D27
[Food Stall: PigPan Deli]: D16-D19-D22-D25-D28
[Food Stall: BlueMART Vending Machine]: D17-D20-D23-D26-D29
[Waiting-to-Seat Queue]: 
[Table 3]: D9-D10-D11-D12
[Table 4]: D13-D14
[Table 5]: 
[Done Queue]: 

======================= T:40=======================
[Waiting-to-Enter Queue]: D30-D31-D32-D33-D34-D35-D36-D37-D38
[Food Stall: Bamboo Shop]: D15-D18-D21-D24-D27
[Food Stall: PigPan Deli]: D16-D19-D22-D25-D28
[Food Stall: BlueMART Vending Machine]: D17-D20-D23-D26-D29
[Waiting-to-Seat Queue]: 
[Table 3]: D9-D10-D11-D12
[Table 4]: D13-D14
[Table 5]: 
[Done Queue]: 

======================= T:41=======================
[Waiting-to-Enter Queue]: D30-D31-D32-D33-D34-D35-D36-D37-D38
[Food Stall: Bamboo Shop]: D15-D18-D21-D24-D27
[Food Stall: PigPan Deli]: D16-D19-D22-D25-D28
[Food Stall: BlueMART Vending Machine]: D17-D20-D23-D26-D29
[Waiting-to-Seat Queue]: 
[Table 3]: D9-D10-D11-D12
[Table 4]: D13-D14
[Table 5]: 
[Done Queue]: 

@D15-3 at Bamboo Shop using DEFAULT payment which requires 3 period(s) to process payment.
======================= T:42=======================
[Waiting-to-Enter Queue]: D30-D31-D32-D33-D34-D35-D36-D37-D38
[Food Stall: Bamboo Shop]: D15-D18-D21-D24-D27
[Food Stall: PigPan Deli]: D16-D19-D22-D25-D28
[Food Stall: BlueMART Vending Machine]: D17-D20-D23-D26-D29
[Waiting-to-Seat Queue]: 
[Table 3]: D9-D10-D11-D12
[Table 4]: D13-D14
[Table 5]: 
[Done Queue]: 

@D16-3 at PigPan Deli using DEFAULT payment which requires 3 period(s) to process payment.
======================= T:43=======================
[Waiting-to-Enter Queue]: D30-D31-D32-D33-D34-D35-D36-D37-D38
[Food Stall: Bamboo Shop]: D15-D18-D21-D24-D27
[Food Stall: PigPan Deli]: D16-D19-D22-D25-D28
[Food Stall: BlueMART Vending Machine]: D17-D20-D23-D26-D29
[Waiting-to-Seat Queue]: 
[Table 3]: D9-D10-D11-D12
[Table 4]: D13-D14
[Table 5]: 
[Done Queue]: 

@D17-3 at BlueMART Vending Machine using DEFAULT payment which requires 3 period(s) to process payment.
======================= T:44=======================
[Waiting-to-Enter Queue]: D30-D31-D32-D33-D34-D35-D36-D37-D38
[Food Stall: Bamboo Shop]: D15-D18-D21-D24-D27
[Food Stall: PigPan Deli]: D16-D19-D22-D25-D28
[Food Stall: BlueMART Vending Machine]: D17-D20-D23-D26-D29
[Waiting-to-Seat Queue]: 
[Table 3]: D9-D10-D11-D12
[Table 4]: D13-D14
[Table 5]: 
[Done Queue]: 

======================= T:45=======================
[Waiting-to-Enter Queue]: D30-D31-D32-D33-D34-D35-D36-D37-D38
[Food Stall: Bamboo Shop]: D15-D18-D21-D24-D27
[Food Stall: PigPan Deli]: D16-D19-D22-D25-D28
[Food Stall: BlueMART Vending Machine]: D17-D20-D23-D26-D29
[Waiting-to-Seat Queue]: 
[Table 3]: D9-D10-D11-D12
[Table 4]: D13-D14
[Table 5]: 
[Done Queue]: 

@D9-7is done eating.
@D15-4 retrieves food from Bamboo Shop, and goes to Waiting-to-Seat Queue.
======================= T:46=======================
[Waiting-to-Enter Queue]: D30-D31-D32-D33-D34-D35-D36-D37-D38
[Food Stall: Bamboo Shop]: D18-D21-D24-D27
[Food Stall: PigPan Deli]: D16-D19-D22-D25-D28
[Food Stall: BlueMART Vending Machine]: D17-D20-D23-D26-D29
[Waiting-to-Seat Queue]: D15
[Table 3]: D10-D11-D12
[Table 4]: D13-D14
[Table 5]: 
[Done Queue]: D9

@D10-7is done eating.
@D15-5 sits at Table 1.
@D16-4 retrieves food from PigPan Deli, and goes to Waiting-to-Seat Queue.
@D18-2 orders from Bamboo Shop, and will need to wait for 9 periods to cook.
@D30-1 queues up at Bamboo Shop, and waiting to order.
======================= T:47=======================
[Waiting-to-Enter Queue]: D31-D32-D33-D34-D35-D36-D37-D38
[Food Stall: Bamboo Shop]: D18-D21-D24-D27-D30
[Food Stall: PigPan Deli]: D19-D22-D25-D28
[Food Stall: BlueMART Vending Machine]: D17-D20-D23-D26-D29
[Waiting-to-Seat Queue]: D16
[Table 3]: D11-D12-D15
[Table 4]: D13-D14
[Table 5]: 
[Done Queue]: D9-D10

@D11-7is done eating.
@D15-6 eats at the table, and will need 28 periods to eat his/her meal.
@D16-5 sits at Table 1.
@D17-4 retrieves food from BlueMART Vending Machine, and goes to Waiting-to-Seat Queue.
@D19-2 orders from PigPan Deli, and will need to wait for 9 periods to cook.
@D31-1 queues up at Bamboo Shop, and waiting to order.
======================= T:48=======================
[Waiting-to-Enter Queue]: D32-D33-D34-D35-D36-D37-D38
[Food Stall: Bamboo Shop]: D18-D21-D24-D27-D30
[Food Stall: PigPan Deli]: D19-D22-D25-D28-D31
[Food Stall: BlueMART Vending Machine]: D20-D23-D26-D29
[Waiting-to-Seat Queue]: D17
[Table 3]: D12-D15-D16
[Table 4]: D13-D14
[Table 5]: 
[Done Queue]: D9-D10-D11

@D16-6 eats at the table, and will need 28 periods to eat his/her meal.
@D17-5 sits at Table 1.
@D20-2 orders from BlueMART Vending Machine, and will need to wait for 9 periods to cook.
@D32-1 queues up at Bamboo Shop, and waiting to order.
======================= T:49=======================
[Waiting-to-Enter Queue]: D33-D34-D35-D36-D37-D38
[Food Stall: Bamboo Shop]: D18-D21-D24-D27-D30
[Food Stall: PigPan Deli]: D19-D22-D25-D28-D31
[Food Stall: BlueMART Vending Machine]: D20-D23-D26-D29-D32
[Waiting-to-Seat Queue]: 
[Table 3]: D12-D15-D16-D17
[Table 4]: D13-D14
[Table 5]: 
[Done Queue]: D9-D10-D11

@D17-6 eats at the table, and will need 28 periods to eat his/her meal.
======================= T:50=======================
[Waiting-to-Enter Queue]: D33-D34-D35-D36-D37-D38
[Food Stall: Bamboo Shop]: D18-D21-D24-D27-D30
[Food Stall: PigPan Deli]: D19-D22-D25-D28-D31
[Food Stall: BlueMART Vending Machine]: D20-D23-D26-D29-D32
[Waiting-to-Seat Queue]: 
[Table 3]: D12-D15-D16-D17
[Table 4]: D13-D14
[Table 5]: 
[Done Queue]: D9-D10-D11

======================= T:51=======================
[Waiting-to-Enter Queue]: D33-D34-D35-D36-D37-D38
[Food Stall: Bamboo Shop]: D18-D21-D24-D27-D30
[Food Stall: PigPan Deli]: D19-D22-D25-D28-D31
[Food Stall: BlueMART Vending Machine]: D20-D23-D26-D29-D32
[Waiting-to-Seat Queue]: 
[Table 3]: D12-D15-D16-D17
[Table 4]: D13-D14
[Table 5]: 
[Done Queue]: D9-D10-D11

======================= T:52=======================
[Waiting-to-Enter Queue]: D33-D34-D35-D36-D37-D38
[Food Stall: Bamboo Shop]: D18-D21-D24-D27-D30
[Food Stall: PigPan Deli]: D19-D22-D25-D28-D31
[Food Stall: BlueMART Vending Machine]: D20-D23-D26-D29-D32
[Waiting-to-Seat Queue]: 
[Table 3]: D12-D15-D16-D17
[Table 4]: D13-D14
[Table 5]: 
[Done Queue]: D9-D10-D11

======================= T:53=======================
[Waiting-to-Enter Queue]: D33-D34-D35-D36-D37-D38
[Food Stall: Bamboo Shop]: D18-D21-D24-D27-D30
[Food Stall: PigPan Deli]: D19-D22-D25-D28-D31
[Food Stall: BlueMART Vending Machine]: D20-D23-D26-D29-D32
[Waiting-to-Seat Queue]: 
[Table 3]: D12-D15-D16-D17
[Table 4]: D13-D14
[Table 5]: 
[Done Queue]: D9-D10-D11

======================= T:54=======================
[Waiting-to-Enter Queue]: D33-D34-D35-D36-D37-D38
[Food Stall: Bamboo Shop]: D18-D21-D24-D27-D30
[Food Stall: PigPan Deli]: D19-D22-D25-D28-D31
[Food Stall: BlueMART Vending Machine]: D20-D23-D26-D29-D32
[Waiting-to-Seat Queue]: 
[Table 3]: D12-D15-D16-D17
[Table 4]: D13-D14
[Table 5]: 
[Done Queue]: D9-D10-D11

======================= T:55=======================
[Waiting-to-Enter Queue]: D33-D34-D35-D36-D37-D38
[Food Stall: Bamboo Shop]: D18-D21-D24-D27-D30
[Food Stall: PigPan Deli]: D19-D22-D25-D28-D31
[Food Stall: BlueMART Vending Machine]: D20-D23-D26-D29-D32
[Waiting-to-Seat Queue]: 
[Table 3]: D12-D15-D16-D17
[Table 4]: D13-D14
[Table 5]: 
[Done Queue]: D9-D10-D11

======================= T:56=======================
[Waiting-to-Enter Queue]: D33-D34-D35-D36-D37-D38
[Food Stall: Bamboo Shop]: D18-D21-D24-D27-D30
[Food Stall: PigPan Deli]: D19-D22-D25-D28-D31
[Food Stall: BlueMART Vending Machine]: D20-D23-D26-D29-D32
[Waiting-to-Seat Queue]: 
[Table 3]: D12-D15-D16-D17
[Table 4]: D13-D14
[Table 5]: 
[Done Queue]: D9-D10-D11

@D18-3 at Bamboo Shop using DEFAULT payment which requires 3 period(s) to process payment.
======================= T:57=======================
[Waiting-to-Enter Queue]: D33-D34-D35-D36-D37-D38
[Food Stall: Bamboo Shop]: D18-D21-D24-D27-D30
[Food Stall: PigPan Deli]: D19-D22-D25-D28-D31
[Food Stall: BlueMART Vending Machine]: D20-D23-D26-D29-D32
[Waiting-to-Seat Queue]: 
[Table 3]: D12-D15-D16-D17
[Table 4]: D13-D14
[Table 5]: 
[Done Queue]: D9-D10-D11

@D19-3 at PigPan Deli using DEFAULT payment which requires 3 period(s) to process payment.
======================= T:58=======================
[Waiting-to-Enter Queue]: D33-D34-D35-D36-D37-D38
[Food Stall: Bamboo Shop]: D18-D21-D24-D27-D30
[Food Stall: PigPan Deli]: D19-D22-D25-D28-D31
[Food Stall: BlueMART Vending Machine]: D20-D23-D26-D29-D32
[Waiting-to-Seat Queue]: 
[Table 3]: D12-D15-D16-D17
[Table 4]: D13-D14
[Table 5]: 
[Done Queue]: D9-D10-D11

@D20-3 at BlueMART Vending Machine using DEFAULT payment which requires 3 period(s) to process payment.
======================= T:59=======================
[Waiting-to-Enter Queue]: D33-D34-D35-D36-D37-D38
[Food Stall: Bamboo Shop]: D18-D21-D24-D27-D30
[Food Stall: PigPan Deli]: D19-D22-D25-D28-D31
[Food Stall: BlueMART Vending Machine]: D20-D23-D26-D29-D32
[Waiting-to-Seat Queue]: 
[Table 3]: D12-D15-D16-D17
[Table 4]: D13-D14
[Table 5]: 
[Done Queue]: D9-D10-D11

======================= T:60=======================
[Waiting-to-Enter Queue]: D33-D34-D35-D36-D37-D38
[Food Stall: Bamboo Shop]: D18-D21-D24-D27-D30
[Food Stall: PigPan Deli]: D19-D22-D25-D28-D31
[Food Stall: BlueMART Vending Machine]: D20-D23-D26-D29-D32
[Waiting-to-Seat Queue]: 
[Table 3]: D12-D15-D16-D17
[Table 4]: D13-D14
[Table 5]: 
[Done Queue]: D9-D10-D11

@D12-7is done eating.
@D18-4 retrieves food from Bamboo Shop, and goes to Waiting-to-Seat Queue.
@D19-4 retrieves food from PigPan Deli, and goes to Waiting-to-Seat Queue.
======================= T:61=======================
[Waiting-to-Enter Queue]: D33-D34-D35-D36-D37-D38
[Food Stall: Bamboo Shop]: D21-D24-D27-D30
[Food Stall: PigPan Deli]: D22-D25-D28-D31
[Food Stall: BlueMART Vending Machine]: D20-D23-D26-D29-D32
[Waiting-to-Seat Queue]: D18-D19
[Table 3]: D15-D16-D17
[Table 4]: D13-D14
[Table 5]: 
[Done Queue]: D9-D10-D11-D12

@D13-7is done eating.
@D18-5 sits at Table 1.
@D20-4 retrieves food from BlueMART Vending Machine, and goes to Waiting-to-Seat Queue.
@D21-2 orders from Bamboo Shop, and will need to wait for 9 periods to cook.
@D22-2 orders from PigPan Deli, and will need to wait for 9 periods to cook.
@D33-1 queues up at PigPan Deli, and waiting to order.
======================= T:62=======================
[Waiting-to-Enter Queue]: D34-D35-D36-D37-D38
[Food Stall: Bamboo Shop]: D21-D24-D27-D30-D33
[Food Stall: PigPan Deli]: D22-D25-D28-D31
[Food Stall: BlueMART Vending Machine]: D23-D26-D29-D32
[Waiting-to-Seat Queue]: D19-D20
[Table 3]: D16-D17-D18
[Table 4]: D13-D14
[Table 5]: 
[Done Queue]: D9-D10-D11-D12-D15

@D14-7is done eating.
@D18-6 eats at the table, and will need 28 periods to eat his/her meal.
@D19-5 sits at Table 1.
@D23-2 orders from BlueMART Vending Machine, and will need to wait for 9 periods to cook.
@D34-1 queues up at BlueMART Vending Machine, and waiting to order.
======================= T:63=======================
[Waiting-to-Enter Queue]: D35-D36-D37-D38
[Food Stall: Bamboo Shop]: D21-D24-D27-D30-D33
[Food Stall: PigPan Deli]: D22-D25-D28-D31-D34
[Food Stall: BlueMART Vending Machine]: D23-D26-D29-D32
[Waiting-to-Seat Queue]: D20
[Table 3]: D17-D18-D19
[Table 4]: D13-D14
[Table 5]: 
[Done Queue]: D9-D10-D11-D12-D15-D16

@D19-6 eats at the table, and will need 28 periods to eat his/her meal.
@D20-5 sits at Table 1.
@D35-1 queues up at Bamboo Shop, and waiting to order.
======================= T:64=======================
[Waiting-to-Enter Queue]: D36-D37-D38
[Food Stall: Bamboo Shop]: D21-D24-D27-D30-D33
[Food Stall: PigPan Deli]: D22-D25-D28-D31-D34
[Food Stall: BlueMART Vending Machine]: D23-D26-D29-D32-D35
[Waiting-to-Seat Queue]: 
[Table 3]: D17-D18-D19-D20
[Table 4]: D13-D14
[Table 5]: 
[Done Queue]: D9-D10-D11-D12-D15-D16

@D20-6 eats at the table, and will need 28 periods to eat his/her meal.
======================= T:65=======================
[Waiting-to-Enter Queue]: D36-D37-D38
[Food Stall: Bamboo Shop]: D21-D24-D27-D30-D33
[Food Stall: PigPan Deli]: D22-D25-D28-D31-D34
[Food Stall: BlueMART Vending Machine]: D23-D26-D29-D32-D35
[Waiting-to-Seat Queue]: 
[Table 3]: D17-D18-D19-D20
[Table 4]: D13-D14
[Table 5]: 
[Done Queue]: D9-D10-D11-D12-D15-D16

======================= T:66=======================
[Waiting-to-Enter Queue]: D36-D37-D38
[Food Stall: Bamboo Shop]: D21-D24-D27-D30-D33
[Food Stall: PigPan Deli]: D22-D25-D28-D31-D34
[Food Stall: BlueMART Vending Machine]: D23-D26-D29-D32-D35
[Waiting-to-Seat Queue]: 
[Table 3]: D17-D18-D19-D20
[Table 4]: D13-D14
[Table 5]: 
[Done Queue]: D9-D10-D11-D12-D15-D16

======================= T:67=======================
[Waiting-to-Enter Queue]: D36-D37-D38
[Food Stall: Bamboo Shop]: D21-D24-D27-D30-D33
[Food Stall: PigPan Deli]: D22-D25-D28-D31-D34
[Food Stall: BlueMART Vending Machine]: D23-D26-D29-D32-D35
[Waiting-to-Seat Queue]: 
[Table 3]: D17-D18-D19-D20
[Table 4]: D13-D14
[Table 5]: 
[Done Queue]: D9-D10-D11-D12-D15-D16

======================= T:68=======================
[Waiting-to-Enter Queue]: D36-D37-D38
[Food Stall: Bamboo Shop]: D21-D24-D27-D30-D33
[Food Stall: PigPan Deli]: D22-D25-D28-D31-D34
[Food Stall: BlueMART Vending Machine]: D23-D26-D29-D32-D35
[Waiting-to-Seat Queue]: 
[Table 3]: D17-D18-D19-D20
[Table 4]: D13-D14
[Table 5]: 
[Done Queue]: D9-D10-D11-D12-D15-D16

======================= T:69=======================
[Waiting-to-Enter Queue]: D36-D37-D38
[Food Stall: Bamboo Shop]: D21-D24-D27-D30-D33
[Food Stall: PigPan Deli]: D22-D25-D28-D31-D34
[Food Stall: BlueMART Vending Machine]: D23-D26-D29-D32-D35
[Waiting-to-Seat Queue]: 
[Table 3]: D17-D18-D19-D20
[Table 4]: D13-D14
[Table 5]: 
[Done Queue]: D9-D10-D11-D12-D15-D16

======================= T:70=======================
[Waiting-to-Enter Queue]: D36-D37-D38
[Food Stall: Bamboo Shop]: D21-D24-D27-D30-D33
[Food Stall: PigPan Deli]: D22-D25-D28-D31-D34
[Food Stall: BlueMART Vending Machine]: D23-D26-D29-D32-D35
[Waiting-to-Seat Queue]: 
[Table 3]: D17-D18-D19-D20
[Table 4]: D13-D14
[Table 5]: 
[Done Queue]: D9-D10-D11-D12-D15-D16

======================= T:71=======================
[Waiting-to-Enter Queue]: D36-D37-D38
[Food Stall: Bamboo Shop]: D21-D24-D27-D30-D33
[Food Stall: PigPan Deli]: D22-D25-D28-D31-D34
[Food Stall: BlueMART Vending Machine]: D23-D26-D29-D32-D35
[Waiting-to-Seat Queue]: 
[Table 3]: D17-D18-D19-D20
[Table 4]: D13-D14
[Table 5]: 
[Done Queue]: D9-D10-D11-D12-D15-D16

@D21-3 at Bamboo Shop using DEFAULT payment which requires 3 period(s) to process payment.
@D22-3 at PigPan Deli using DEFAULT payment which requires 3 period(s) to process payment.
======================= T:72=======================
[Waiting-to-Enter Queue]: D36-D37-D38
[Food Stall: Bamboo Shop]: D21-D24-D27-D30-D33
[Food Stall: PigPan Deli]: D22-D25-D28-D31-D34
[Food Stall: BlueMART Vending Machine]: D23-D26-D29-D32-D35
[Waiting-to-Seat Queue]: 
[Table 3]: D17-D18-D19-D20
[Table 4]: D13-D14
[Table 5]: 
[Done Queue]: D9-D10-D11-D12-D15-D16

@D23-3 at BlueMART Vending Machine using DEFAULT payment which requires 3 period(s) to process payment.
======================= T:73=======================
[Waiting-to-Enter Queue]: D36-D37-D38
[Food Stall: Bamboo Shop]: D21-D24-D27-D30-D33
[Food Stall: PigPan Deli]: D22-D25-D28-D31-D34
[Food Stall: BlueMART Vending Machine]: D23-D26-D29-D32-D35
[Waiting-to-Seat Queue]: 
[Table 3]: D17-D18-D19-D20
[Table 4]: D13-D14
[Table 5]: 
[Done Queue]: D9-D10-D11-D12-D15-D16

======================= T:74=======================
[Waiting-to-Enter Queue]: D36-D37-D38
[Food Stall: Bamboo Shop]: D21-D24-D27-D30-D33
[Food Stall: PigPan Deli]: D22-D25-D28-D31-D34
[Food Stall: BlueMART Vending Machine]: D23-D26-D29-D32-D35
[Waiting-to-Seat Queue]: 
[Table 3]: D17-D18-D19-D20
[Table 4]: D13-D14
[Table 5]: 
[Done Queue]: D9-D10-D11-D12-D15-D16

@D21-4 retrieves food from Bamboo Shop, and goes to Waiting-to-Seat Queue.
@D22-4 retrieves food from PigPan Deli, and goes to Waiting-to-Seat Queue.
======================= T:75=======================
[Waiting-to-Enter Queue]: D36-D37-D38
[Food Stall: Bamboo Shop]: D24-D27-D30-D33
[Food Stall: PigPan Deli]: D25-D28-D31-D34
[Food Stall: BlueMART Vending Machine]: D23-D26-D29-D32-D35
[Waiting-to-Seat Queue]: D21-D22
[Table 3]: D17-D18-D19-D20
[Table 4]: D13-D14
[Table 5]: 
[Done Queue]: D9-D10-D11-D12-D15-D16

@D15-7is done eating.
@D21-5 sits at Table 1.
@D23-4 retrieves food from BlueMART Vending Machine, and goes to Waiting-to-Seat Queue.
@D24-2 orders from Bamboo Shop, and will need to wait for 9 periods to cook.
@D25-2 orders from PigPan Deli, and will need to wait for 9 periods to cook.
@D36-1 queues up at PigPan Deli, and waiting to order.
======================= T:76=======================
[Waiting-to-Enter Queue]: D37-D38
[Food Stall: Bamboo Shop]: D24-D27-D30-D33-D36
[Food Stall: PigPan Deli]: D25-D28-D31-D34
[Food Stall: BlueMART Vending Machine]: D26-D29-D32-D35
[Waiting-to-Seat Queue]: D22-D23
[Table 3]: D18-D19-D20
[Table 4]: D13-D14-D21
[Table 5]: 
[Done Queue]: D9-D10-D11-D12-D15-D16-D17

@D16-7is done eating.
@D21-6 eats at the table, and will need 28 periods to eat his/her meal.
@D22-5 sits at Table 1.
@D26-2 orders from BlueMART Vending Machine, and will need to wait for 9 periods to cook.
@D37-1 queues up at BlueMART Vending Machine, and waiting to order.
======================= T:77=======================
[Waiting-to-Enter Queue]: D38
[Food Stall: Bamboo Shop]: D24-D27-D30-D33-D36
[Food Stall: PigPan Deli]: D25-D28-D31-D34-D37
[Food Stall: BlueMART Vending Machine]: D26-D29-D32-D35
[Waiting-to-Seat Queue]: D23
[Table 3]: D19-D20-D22
[Table 4]: D13-D14-D21
[Table 5]: 
[Done Queue]: D9-D10-D11-D12-D15-D16-D17-D18

@D17-7is done eating.
@D22-6 eats at the table, and will need 28 periods to eat his/her meal.
@D23-5 sits at Table 1.
@D38-1 queues up at Bamboo Shop, and waiting to order.
======================= T:78=======================
[Waiting-to-Enter Queue]: 
[Food Stall: Bamboo Shop]: D24-D27-D30-D33-D36
[Food Stall: PigPan Deli]: D25-D28-D31-D34-D37
[Food Stall: BlueMART Vending Machine]: D26-D29-D32-D35-D38
[Waiting-to-Seat Queue]: 
[Table 3]: D20-D22-D23
[Table 4]: D13-D14-D21
[Table 5]: 
[Done Queue]: D9-D10-D11-D12-D15-D16-D17-D18-D19

@D23-6 eats at the table, and will need 28 periods to eat his/her meal.
======================= T:79=======================
[Waiting-to-Enter Queue]: 
[Food Stall: Bamboo Shop]: D24-D27-D30-D33-D36
[Food Stall: PigPan Deli]: D25-D28-D31-D34-D37
[Food Stall: BlueMART Vending Machine]: D26-D29-D32-D35-D38
[Waiting-to-Seat Queue]: 
[Table 3]: D20-D22-D23
[Table 4]: D13-D14-D21
[Table 5]: 
[Done Queue]: D9-D10-D11-D12-D15-D16-D17-D18-D19

======================= T:80=======================
[Waiting-to-Enter Queue]: 
[Food Stall: Bamboo Shop]: D24-D27-D30-D33-D36
[Food Stall: PigPan Deli]: D25-D28-D31-D34-D37
[Food Stall: BlueMART Vending Machine]: D26-D29-D32-D35-D38
[Waiting-to-Seat Queue]: 
[Table 3]: D20-D22-D23
[Table 4]: D13-D14-D21
[Table 5]: 
[Done Queue]: D9-D10-D11-D12-D15-D16-D17-D18-D19

======================= T:81=======================
[Waiting-to-Enter Queue]: 
[Food Stall: Bamboo Shop]: D24-D27-D30-D33-D36
[Food Stall: PigPan Deli]: D25-D28-D31-D34-D37
[Food Stall: BlueMART Vending Machine]: D26-D29-D32-D35-D38
[Waiting-to-Seat Queue]: 
[Table 3]: D20-D22-D23
[Table 4]: D13-D14-D21
[Table 5]: 
[Done Queue]: D9-D10-D11-D12-D15-D16-D17-D18-D19

======================= T:82=======================
[Waiting-to-Enter Queue]: 
[Food Stall: Bamboo Shop]: D24-D27-D30-D33-D36
[Food Stall: PigPan Deli]: D25-D28-D31-D34-D37
[Food Stall: BlueMART Vending Machine]: D26-D29-D32-D35-D38
[Waiting-to-Seat Queue]: 
[Table 3]: D20-D22-D23
[Table 4]: D13-D14-D21
[Table 5]: 
[Done Queue]: D9-D10-D11-D12-D15-D16-D17-D18-D19

======================= T:83=======================
[Waiting-to-Enter Queue]: 
[Food Stall: Bamboo Shop]: D24-D27-D30-D33-D36
[Food Stall: PigPan Deli]: D25-D28-D31-D34-D37
[Food Stall: BlueMART Vending Machine]: D26-D29-D32-D35-D38
[Waiting-to-Seat Queue]: 
[Table 3]: D20-D22-D23
[Table 4]: D13-D14-D21
[Table 5]: 
[Done Queue]: D9-D10-D11-D12-D15-D16-D17-D18-D19

======================= T:84=======================
[Waiting-to-Enter Queue]: 
[Food Stall: Bamboo Shop]: D24-D27-D30-D33-D36
[Food Stall: PigPan Deli]: D25-D28-D31-D34-D37
[Food Stall: BlueMART Vending Machine]: D26-D29-D32-D35-D38
[Waiting-to-Seat Queue]: 
[Table 3]: D20-D22-D23
[Table 4]: D13-D14-D21
[Table 5]: 
[Done Queue]: D9-D10-D11-D12-D15-D16-D17-D18-D19

======================= T:85=======================
[Waiting-to-Enter Queue]: 
[Food Stall: Bamboo Shop]: D24-D27-D30-D33-D36
[Food Stall: PigPan Deli]: D25-D28-D31-D34-D37
[Food Stall: BlueMART Vending Machine]: D26-D29-D32-D35-D38
[Waiting-to-Seat Queue]: 
[Table 3]: D20-D22-D23
[Table 4]: D13-D14-D21
[Table 5]: 
[Done Queue]: D9-D10-D11-D12-D15-D16-D17-D18-D19

@D24-3 at Bamboo Shop using DEFAULT payment which requires 3 period(s) to process payment.
@D25-3 at PigPan Deli using DEFAULT payment which requires 3 period(s) to process payment.
======================= T:86=======================
[Waiting-to-Enter Queue]: 
[Food Stall: Bamboo Shop]: D24-D27-D30-D33-D36
[Food Stall: PigPan Deli]: D25-D28-D31-D34-D37
[Food Stall: BlueMART Vending Machine]: D26-D29-D32-D35-D38
[Waiting-to-Seat Queue]: 
[Table 3]: D20-D22-D23
[Table 4]: D13-D14-D21
[Table 5]: 
[Done Queue]: D9-D10-D11-D12-D15-D16-D17-D18-D19

@D26-3 at BlueMART Vending Machine using DEFAULT payment which requires 3 period(s) to process payment.
======================= T:87=======================
[Waiting-to-Enter Queue]: 
[Food Stall: Bamboo Shop]: D24-D27-D30-D33-D36
[Food Stall: PigPan Deli]: D25-D28-D31-D34-D37
[Food Stall: BlueMART Vending Machine]: D26-D29-D32-D35-D38
[Waiting-to-Seat Queue]: 
[Table 3]: D20-D22-D23
[Table 4]: D13-D14-D21
[Table 5]: 
[Done Queue]: D9-D10-D11-D12-D15-D16-D17-D18-D19

======================= T:88=======================
[Waiting-to-Enter Queue]: 
[Food Stall: Bamboo Shop]: D24-D27-D30-D33-D36
[Food Stall: PigPan Deli]: D25-D28-D31-D34-D37
[Food Stall: BlueMART Vending Machine]: D26-D29-D32-D35-D38
[Waiting-to-Seat Queue]: 
[Table 3]: D20-D22-D23
[Table 4]: D13-D14-D21
[Table 5]: 
[Done Queue]: D9-D10-D11-D12-D15-D16-D17-D18-D19

@D24-4 retrieves food from Bamboo Shop, and goes to Waiting-to-Seat Queue.
@D25-4 retrieves food from PigPan Deli, and goes to Waiting-to-Seat Queue.
======================= T:89=======================
[Waiting-to-Enter Queue]: 
[Food Stall: Bamboo Shop]: D27-D30-D33-D36
[Food Stall: PigPan Deli]: D28-D31-D34-D37
[Food Stall: BlueMART Vending Machine]: D26-D29-D32-D35-D38
[Waiting-to-Seat Queue]: D24-D25
[Table 3]: D20-D22-D23
[Table 4]: D13-D14-D21
[Table 5]: 
[Done Queue]: D9-D10-D11-D12-D15-D16-D17-D18-D19

@D24-5 sits at Table 1.
@D26-4 retrieves food from BlueMART Vending Machine, and goes to Waiting-to-Seat Queue.
@D27-2 orders from Bamboo Shop, and will need to wait for 9 periods to cook.
@D28-2 orders from PigPan Deli, and will need to wait for 9 periods to cook.
======================= T:90=======================
[Waiting-to-Enter Queue]: 
[Food Stall: Bamboo Shop]: D27-D30-D33-D36
[Food Stall: PigPan Deli]: D28-D31-D34-D37
[Food Stall: BlueMART Vending Machine]: D29-D32-D35-D38
[Waiting-to-Seat Queue]: D25-D26
[Table 3]: D20-D22-D23-D24
[Table 4]: D13-D14-D21
[Table 5]: 
[Done Queue]: D9-D10-D11-D12-D15-D16-D17-D18-D19

@D18-7is done eating.
@D24-6 eats at the table, and will need 28 periods to eat his/her meal.
@D25-5 sits at Table 1.
@D29-2 orders from BlueMART Vending Machine, and will need to wait for 9 periods to cook.
======================= T:91=======================
[Waiting-to-Enter Queue]: 
[Food Stall: Bamboo Shop]: D27-D30-D33-D36
[Food Stall: PigPan Deli]: D28-D31-D34-D37
[Food Stall: BlueMART Vending Machine]: D29-D32-D35-D38
[Waiting-to-Seat Queue]: D26
[Table 3]: D22-D23-D24
[Table 4]: D13-D14-D21-D25
[Table 5]: 
[Done Queue]: D9-D10-D11-D12-D15-D16-D17-D18-D19-D20

@D19-7is done eating.
@D25-6 eats at the table, and will need 28 periods to eat his/her meal.
@D26-5 sits at Table 1.
======================= T:92=======================
[Waiting-to-Enter Queue]: 
[Food Stall: Bamboo Shop]: D27-D30-D33-D36
[Food Stall: PigPan Deli]: D28-D31-D34-D37
[Food Stall: BlueMART Vending Machine]: D29-D32-D35-D38
[Waiting-to-Seat Queue]: 
[Table 3]: D23-D24-D26
[Table 4]: D13-D14-D21-D25
[Table 5]: 
[Done Queue]: D9-D10-D11-D12-D15-D16-D17-D18-D19-D20-D22

@D20-7is done eating.
@D26-6 eats at the table, and will need 28 periods to eat his/her meal.
======================= T:93=======================
[Waiting-to-Enter Queue]: 
[Food Stall: Bamboo Shop]: D27-D30-D33-D36
[Food Stall: PigPan Deli]: D28-D31-D34-D37
[Food Stall: BlueMART Vending Machine]: D29-D32-D35-D38
[Waiting-to-Seat Queue]: 
[Table 3]: D24-D26
[Table 4]: D13-D14-D21-D25
[Table 5]: 
[Done Queue]: D9-D10-D11-D12-D15-D16-D17-D18-D19-D20-D22-D23

======================= T:94=======================
[Waiting-to-Enter Queue]: 
[Food Stall: Bamboo Shop]: D27-D30-D33-D36
[Food Stall: PigPan Deli]: D28-D31-D34-D37
[Food Stall: BlueMART Vending Machine]: D29-D32-D35-D38
[Waiting-to-Seat Queue]: 
[Table 3]: D24-D26
[Table 4]: D13-D14-D21-D25
[Table 5]: 
[Done Queue]: D9-D10-D11-D12-D15-D16-D17-D18-D19-D20-D22-D23

======================= T:95=======================
[Waiting-to-Enter Queue]: 
[Food Stall: Bamboo Shop]: D27-D30-D33-D36
[Food Stall: PigPan Deli]: D28-D31-D34-D37
[Food Stall: BlueMART Vending Machine]: D29-D32-D35-D38
[Waiting-to-Seat Queue]: 
[Table 3]: D24-D26
[Table 4]: D13-D14-D21-D25
[Table 5]: 
[Done Queue]: D9-D10-D11-D12-D15-D16-D17-D18-D19-D20-D22-D23

======================= T:96=======================
[Waiting-to-Enter Queue]: 
[Food Stall: Bamboo Shop]: D27-D30-D33-D36
[Food Stall: PigPan Deli]: D28-D31-D34-D37
[Food Stall: BlueMART Vending Machine]: D29-D32-D35-D38
[Waiting-to-Seat Queue]: 
[Table 3]: D24-D26
[Table 4]: D13-D14-D21-D25
[Table 5]: 
[Done Queue]: D9-D10-D11-D12-D15-D16-D17-D18-D19-D20-D22-D23

======================= T:97=======================
[Waiting-to-Enter Queue]: 
[Food Stall: Bamboo Shop]: D27-D30-D33-D36
[Food Stall: PigPan Deli]: D28-D31-D34-D37
[Food Stall: BlueMART Vending Machine]: D29-D32-D35-D38
[Waiting-to-Seat Queue]: 
[Table 3]: D24-D26
[Table 4]: D13-D14-D21-D25
[Table 5]: 
[Done Queue]: D9-D10-D11-D12-D15-D16-D17-D18-D19-D20-D22-D23

======================= T:98=======================
[Waiting-to-Enter Queue]: 
[Food Stall: Bamboo Shop]: D27-D30-D33-D36
[Food Stall: PigPan Deli]: D28-D31-D34-D37
[Food Stall: BlueMART Vending Machine]: D29-D32-D35-D38
[Waiting-to-Seat Queue]: 
[Table 3]: D24-D26
[Table 4]: D13-D14-D21-D25
[Table 5]: 
[Done Queue]: D9-D10-D11-D12-D15-D16-D17-D18-D19-D20-D22-D23

======================= T:99=======================
[Waiting-to-Enter Queue]: 
[Food Stall: Bamboo Shop]: D27-D30-D33-D36
[Food Stall: PigPan Deli]: D28-D31-D34-D37
[Food Stall: BlueMART Vending Machine]: D29-D32-D35-D38
[Waiting-to-Seat Queue]: 
[Table 3]: D24-D26
[Table 4]: D13-D14-D21-D25
[Table 5]: 
[Done Queue]: D9-D10-D11-D12-D15-D16-D17-D18-D19-D20-D22-D23

@D27-3 at Bamboo Shop using DEFAULT payment which requires 3 period(s) to process payment.
@D28-3 at PigPan Deli using DEFAULT payment which requires 3 period(s) to process payment.
======================= T:100=======================
[Waiting-to-Enter Queue]: 
[Food Stall: Bamboo Shop]: D27-D30-D33-D36
[Food Stall: PigPan Deli]: D28-D31-D34-D37
[Food Stall: BlueMART Vending Machine]: D29-D32-D35-D38
[Waiting-to-Seat Queue]: 
[Table 3]: D24-D26
[Table 4]: D13-D14-D21-D25
[Table 5]: 
[Done Queue]: D9-D10-D11-D12-D15-D16-D17-D18-D19-D20-D22-D23

@D29-3 at BlueMART Vending Machine using DEFAULT payment which requires 3 period(s) to process payment.
======================= T:101=======================
[Waiting-to-Enter Queue]: 
[Food Stall: Bamboo Shop]: D27-D30-D33-D36
[Food Stall: PigPan Deli]: D28-D31-D34-D37
[Food Stall: BlueMART Vending Machine]: D29-D32-D35-D38
[Waiting-to-Seat Queue]: 
[Table 3]: D24-D26
[Table 4]: D13-D14-D21-D25
[Table 5]: 
[Done Queue]: D9-D10-D11-D12-D15-D16-D17-D18-D19-D20-D22-D23

======================= T:102=======================
[Waiting-to-Enter Queue]: 
[Food Stall: Bamboo Shop]: D27-D30-D33-D36
[Food Stall: PigPan Deli]: D28-D31-D34-D37
[Food Stall: BlueMART Vending Machine]: D29-D32-D35-D38
[Waiting-to-Seat Queue]: 
[Table 3]: D24-D26
[Table 4]: D13-D14-D21-D25
[Table 5]: 
[Done Queue]: D9-D10-D11-D12-D15-D16-D17-D18-D19-D20-D22-D23

@D27-4 retrieves food from Bamboo Shop, and goes to Waiting-to-Seat Queue.
@D28-4 retrieves food from PigPan Deli, and goes to Waiting-to-Seat Queue.
@D29-4 retrieves food from BlueMART Vending Machine, and goes to Waiting-to-Seat Queue.
======================= T:103=======================
[Waiting-to-Enter Queue]: 
[Food Stall: Bamboo Shop]: D30-D33-D36
[Food Stall: PigPan Deli]: D31-D34-D37
[Food Stall: BlueMART Vending Machine]: D32-D35-D38
[Waiting-to-Seat Queue]: D27-D28-D29
[Table 3]: D24-D26
[Table 4]: D13-D14-D21-D25
[Table 5]: 
[Done Queue]: D9-D10-D11-D12-D15-D16-D17-D18-D19-D20-D22-D23

@D27-5 sits at Table 1.
@D30-2 orders from Bamboo Shop, and will need to wait for 9 periods to cook.
@D31-2 orders from PigPan Deli, and will need to wait for 9 periods to cook.
@D32-2 orders from BlueMART Vending Machine, and will need to wait for 9 periods to cook.
======================= T:104=======================
[Waiting-to-Enter Queue]: 
[Food Stall: Bamboo Shop]: D30-D33-D36
[Food Stall: PigPan Deli]: D31-D34-D37
[Food Stall: BlueMART Vending Machine]: D32-D35-D38
[Waiting-to-Seat Queue]: D28-D29
[Table 3]: D24-D26-D27
[Table 4]: D13-D14-D21-D25
[Table 5]: 
[Done Queue]: D9-D10-D11-D12-D15-D16-D17-D18-D19-D20-D22-D23

@D21-7is done eating.
@D27-6 eats at the table, and will need 28 periods to eat his/her meal.
@D28-5 sits at Table 1.
======================= T:105=======================
[Waiting-to-Enter Queue]: 
[Food Stall: Bamboo Shop]: D30-D33-D36
[Food Stall: PigPan Deli]: D31-D34-D37
[Food Stall: BlueMART Vending Machine]: D32-D35-D38
[Waiting-to-Seat Queue]: D29
[Table 3]: D26-D27-D28
[Table 4]: D13-D14-D21-D25
[Table 5]: 
[Done Queue]: D9-D10-D11-D12-D15-D16-D17-D18-D19-D20-D22-D23-D24

@D22-7is done eating.
@D28-6 eats at the table, and will need 28 periods to eat his/her meal.
@D29-5 sits at Table 1.
======================= T:106=======================
[Waiting-to-Enter Queue]: 
[Food Stall: Bamboo Shop]: D30-D33-D36
[Food Stall: PigPan Deli]: D31-D34-D37
[Food Stall: BlueMART Vending Machine]: D32-D35-D38
[Waiting-to-Seat Queue]: 
[Table 3]: D27-D28-D29
[Table 4]: D13-D14-D21-D25
[Table 5]: 
[Done Queue]: D9-D10-D11-D12-D15-D16-D17-D18-D19-D20-D22-D23-D24-D26

@D23-7is done eating.
@D29-6 eats at the table, and will need 28 periods to eat his/her meal.
======================= T:107=======================
[Waiting-to-Enter Queue]: 
[Food Stall: Bamboo Shop]: D30-D33-D36
[Food Stall: PigPan Deli]: D31-D34-D37
[Food Stall: BlueMART Vending Machine]: D32-D35-D38
[Waiting-to-Seat Queue]: 
[Table 3]: D28-D29
[Table 4]: D13-D14-D21-D25
[Table 5]: 
[Done Queue]: D9-D10-D11-D12-D15-D16-D17-D18-D19-D20-D22-D23-D24-D26-D27

======================= T:108=======================
[Waiting-to-Enter Queue]: 
[Food Stall: Bamboo Shop]: D30-D33-D36
[Food Stall: PigPan Deli]: D31-D34-D37
[Food Stall: BlueMART Vending Machine]: D32-D35-D38
[Waiting-to-Seat Queue]: 
[Table 3]: D28-D29
[Table 4]: D13-D14-D21-D25
[Table 5]: 
[Done Queue]: D9-D10-D11-D12-D15-D16-D17-D18-D19-D20-D22-D23-D24-D26-D27

======================= T:109=======================
[Waiting-to-Enter Queue]: 
[Food Stall: Bamboo Shop]: D30-D33-D36
[Food Stall: PigPan Deli]: D31-D34-D37
[Food Stall: BlueMART Vending Machine]: D32-D35-D38
[Waiting-to-Seat Queue]: 
[Table 3]: D28-D29
[Table 4]: D13-D14-D21-D25
[Table 5]: 
[Done Queue]: D9-D10-D11-D12-D15-D16-D17-D18-D19-D20-D22-D23-D24-D26-D27

======================= T:110=======================
[Waiting-to-Enter Queue]: 
[Food Stall: Bamboo Shop]: D30-D33-D36
[Food Stall: PigPan Deli]: D31-D34-D37
[Food Stall: BlueMART Vending Machine]: D32-D35-D38
[Waiting-to-Seat Queue]: 
[Table 3]: D28-D29
[Table 4]: D13-D14-D21-D25
[Table 5]: 
[Done Queue]: D9-D10-D11-D12-D15-D16-D17-D18-D19-D20-D22-D23-D24-D26-D27

======================= T:111=======================
[Waiting-to-Enter Queue]: 
[Food Stall: Bamboo Shop]: D30-D33-D36
[Food Stall: PigPan Deli]: D31-D34-D37
[Food Stall: BlueMART Vending Machine]: D32-D35-D38
[Waiting-to-Seat Queue]: 
[Table 3]: D28-D29
[Table 4]: D13-D14-D21-D25
[Table 5]: 
[Done Queue]: D9-D10-D11-D12-D15-D16-D17-D18-D19-D20-D22-D23-D24-D26-D27

======================= T:112=======================
[Waiting-to-Enter Queue]: 
[Food Stall: Bamboo Shop]: D30-D33-D36
[Food Stall: PigPan Deli]: D31-D34-D37
[Food Stall: BlueMART Vending Machine]: D32-D35-D38
[Waiting-to-Seat Queue]: 
[Table 3]: D28-D29
[Table 4]: D13-D14-D21-D25
[Table 5]: 
[Done Queue]: D9-D10-D11-D12-D15-D16-D17-D18-D19-D20-D22-D23-D24-D26-D27

======================= T:113=======================
[Waiting-to-Enter Queue]: 
[Food Stall: Bamboo Shop]: D30-D33-D36
[Food Stall: PigPan Deli]: D31-D34-D37
[Food Stall: BlueMART Vending Machine]: D32-D35-D38
[Waiting-to-Seat Queue]: 
[Table 3]: D28-D29
[Table 4]: D13-D14-D21-D25
[Table 5]: 
[Done Queue]: D9-D10-D11-D12-D15-D16-D17-D18-D19-D20-D22-D23-D24-D26-D27

@D30-3 at Bamboo Shop using DEFAULT payment which requires 3 period(s) to process payment.
@D31-3 at PigPan Deli using DEFAULT payment which requires 3 period(s) to process payment.
@D32-3 at BlueMART Vending Machine using DEFAULT payment which requires 3 period(s) to process payment.
======================= T:114=======================
[Waiting-to-Enter Queue]: 
[Food Stall: Bamboo Shop]: D30-D33-D36
[Food Stall: PigPan Deli]: D31-D34-D37
[Food Stall: BlueMART Vending Machine]: D32-D35-D38
[Waiting-to-Seat Queue]: 
[Table 3]: D28-D29
[Table 4]: D13-D14-D21-D25
[Table 5]: 
[Done Queue]: D9-D10-D11-D12-D15-D16-D17-D18-D19-D20-D22-D23-D24-D26-D27

======================= T:115=======================
[Waiting-to-Enter Queue]: 
[Food Stall: Bamboo Shop]: D30-D33-D36
[Food Stall: PigPan Deli]: D31-D34-D37
[Food Stall: BlueMART Vending Machine]: D32-D35-D38
[Waiting-to-Seat Queue]: 
[Table 3]: D28-D29
[Table 4]: D13-D14-D21-D25
[Table 5]: 
[Done Queue]: D9-D10-D11-D12-D15-D16-D17-D18-D19-D20-D22-D23-D24-D26-D27

@D30-4 retrieves food from Bamboo Shop, and goes to Waiting-to-Seat Queue.
@D31-4 retrieves food from PigPan Deli, and goes to Waiting-to-Seat Queue.
@D32-4 retrieves food from BlueMART Vending Machine, and goes to Waiting-to-Seat Queue.
======================= T:116=======================
[Waiting-to-Enter Queue]: 
[Food Stall: Bamboo Shop]: D33-D36
[Food Stall: PigPan Deli]: D34-D37
[Food Stall: BlueMART Vending Machine]: D35-D38
[Waiting-to-Seat Queue]: D30-D31-D32
[Table 3]: D28-D29
[Table 4]: D13-D14-D21-D25
[Table 5]: 
[Done Queue]: D9-D10-D11-D12-D15-D16-D17-D18-D19-D20-D22-D23-D24-D26-D27

@D30-5 sits at Table 1.
@D33-2 orders from Bamboo Shop, and will need to wait for 9 periods to cook.
@D34-2 orders from PigPan Deli, and will need to wait for 9 periods to cook.
@D35-2 orders from BlueMART Vending Machine, and will need to wait for 9 periods to cook.
======================= T:117=======================
[Waiting-to-Enter Queue]: 
[Food Stall: Bamboo Shop]: D33-D36
[Food Stall: PigPan Deli]: D34-D37
[Food Stall: BlueMART Vending Machine]: D35-D38
[Waiting-to-Seat Queue]: D31-D32
[Table 3]: D28-D29-D30
[Table 4]: D13-D14-D21-D25
[Table 5]: 
[Done Queue]: D9-D10-D11-D12-D15-D16-D17-D18-D19-D20-D22-D23-D24-D26-D27

@D30-6 eats at the table, and will need 28 periods to eat his/her meal.
@D31-5 sits at Table 1.
======================= T:118=======================
[Waiting-to-Enter Queue]: 
[Food Stall: Bamboo Shop]: D33-D36
[Food Stall: PigPan Deli]: D34-D37
[Food Stall: BlueMART Vending Machine]: D35-D38
[Waiting-to-Seat Queue]: D32
[Table 3]: D28-D29-D30-D31
[Table 4]: D13-D14-D21-D25
[Table 5]: 
[Done Queue]: D9-D10-D11-D12-D15-D16-D17-D18-D19-D20-D22-D23-D24-D26-D27

@D24-7is done eating.
@D31-6 eats at the table, and will need 28 periods to eat his/her meal.
@D32-5 sits at Table 1.
======================= T:119=======================
[Waiting-to-Enter Queue]: 
[Food Stall: Bamboo Shop]: D33-D36
[Food Stall: PigPan Deli]: D34-D37
[Food Stall: BlueMART Vending Machine]: D35-D38
[Waiting-to-Seat Queue]: 
[Table 3]: D29-D30-D31
[Table 4]: D13-D14-D21-D25
[Table 5]: D32
[Done Queue]: D9-D10-D11-D12-D15-D16-D17-D18-D19-D20-D22-D23-D24-D26-D27-D28

@D25-7is done eating.
@D32-6 eats at the table, and will need 28 periods to eat his/her meal.
======================= T:120=======================
[Waiting-to-Enter Queue]: 
[Food Stall: Bamboo Shop]: D33-D36
[Food Stall: PigPan Deli]: D34-D37
[Food Stall: BlueMART Vending Machine]: D35-D38
[Waiting-to-Seat Queue]: 
[Table 3]: D30-D31
[Table 4]: D13-D14-D21-D25
[Table 5]: D32
[Done Queue]: D9-D10-D11-D12-D15-D16-D17-D18-D19-D20-D22-D23-D24-D26-D27-D28-D29

@D26-7is done eating.
======================= T:121=======================
[Waiting-to-Enter Queue]: 
[Food Stall: Bamboo Shop]: D33-D36
[Food Stall: PigPan Deli]: D34-D37
[Food Stall: BlueMART Vending Machine]: D35-D38
[Waiting-to-Seat Queue]: 
[Table 3]: D31
[Table 4]: D13-D14-D21-D25
[Table 5]: D32
[Done Queue]: D9-D10-D11-D12-D15-D16-D17-D18-D19-D20-D22-D23-D24-D26-D27-D28-D29-D30

======================= T:122=======================
[Waiting-to-Enter Queue]: 
[Food Stall: Bamboo Shop]: D33-D36
[Food Stall: PigPan Deli]: D34-D37
[Food Stall: BlueMART Vending Machine]: D35-D38
[Waiting-to-Seat Queue]: 
[Table 3]: D31
[Table 4]: D13-D14-D21-D25
[Table 5]: D32
[Done Queue]: D9-D10-D11-D12-D15-D16-D17-D18-D19-D20-D22-D23-D24-D26-D27-D28-D29-D30

======================= T:123=======================
[Waiting-to-Enter Queue]: 
[Food Stall: Bamboo Shop]: D33-D36
[Food Stall: PigPan Deli]: D34-D37
[Food Stall: BlueMART Vending Machine]: D35-D38
[Waiting-to-Seat Queue]: 
[Table 3]: D31
[Table 4]: D13-D14-D21-D25
[Table 5]: D32
[Done Queue]: D9-D10-D11-D12-D15-D16-D17-D18-D19-D20-D22-D23-D24-D26-D27-D28-D29-D30

======================= T:124=======================
[Waiting-to-Enter Queue]: 
[Food Stall: Bamboo Shop]: D33-D36
[Food Stall: PigPan Deli]: D34-D37
[Food Stall: BlueMART Vending Machine]: D35-D38
[Waiting-to-Seat Queue]: 
[Table 3]: D31
[Table 4]: D13-D14-D21-D25
[Table 5]: D32
[Done Queue]: D9-D10-D11-D12-D15-D16-D17-D18-D19-D20-D22-D23-D24-D26-D27-D28-D29-D30

======================= T:125=======================
[Waiting-to-Enter Queue]: 
[Food Stall: Bamboo Shop]: D33-D36
[Food Stall: PigPan Deli]: D34-D37
[Food Stall: BlueMART Vending Machine]: D35-D38
[Waiting-to-Seat Queue]: 
[Table 3]: D31
[Table 4]: D13-D14-D21-D25
[Table 5]: D32
[Done Queue]: D9-D10-D11-D12-D15-D16-D17-D18-D19-D20-D22-D23-D24-D26-D27-D28-D29-D30

======================= T:126=======================
[Waiting-to-Enter Queue]: 
[Food Stall: Bamboo Shop]: D33-D36
[Food Stall: PigPan Deli]: D34-D37
[Food Stall: BlueMART Vending Machine]: D35-D38
[Waiting-to-Seat Queue]: 
[Table 3]: D31
[Table 4]: D13-D14-D21-D25
[Table 5]: D32
[Done Queue]: D9-D10-D11-D12-D15-D16-D17-D18-D19-D20-D22-D23-D24-D26-D27-D28-D29-D30

@D33-3 at Bamboo Shop using DEFAULT payment which requires 3 period(s) to process payment.
@D34-3 at PigPan Deli using DEFAULT payment which requires 3 period(s) to process payment.
@D35-3 at BlueMART Vending Machine using DEFAULT payment which requires 3 period(s) to process payment.
======================= T:127=======================
[Waiting-to-Enter Queue]: 
[Food Stall: Bamboo Shop]: D33-D36
[Food Stall: PigPan Deli]: D34-D37
[Food Stall: BlueMART Vending Machine]: D35-D38
[Waiting-to-Seat Queue]: 
[Table 3]: D31
[Table 4]: D13-D14-D21-D25
[Table 5]: D32
[Done Queue]: D9-D10-D11-D12-D15-D16-D17-D18-D19-D20-D22-D23-D24-D26-D27-D28-D29-D30

======================= T:128=======================
[Waiting-to-Enter Queue]: 
[Food Stall: Bamboo Shop]: D33-D36
[Food Stall: PigPan Deli]: D34-D37
[Food Stall: BlueMART Vending Machine]: D35-D38
[Waiting-to-Seat Queue]: 
[Table 3]: D31
[Table 4]: D13-D14-D21-D25
[Table 5]: D32
[Done Queue]: D9-D10-D11-D12-D15-D16-D17-D18-D19-D20-D22-D23-D24-D26-D27-D28-D29-D30

@D33-4 retrieves food from Bamboo Shop, and goes to Waiting-to-Seat Queue.
@D34-4 retrieves food from PigPan Deli, and goes to Waiting-to-Seat Queue.
@D35-4 retrieves food from BlueMART Vending Machine, and goes to Waiting-to-Seat Queue.
======================= T:129=======================
[Waiting-to-Enter Queue]: 
[Food Stall: Bamboo Shop]: D36
[Food Stall: PigPan Deli]: D37
[Food Stall: BlueMART Vending Machine]: D38
[Waiting-to-Seat Queue]: D33-D34-D35
[Table 3]: D31
[Table 4]: D13-D14-D21-D25
[Table 5]: D32
[Done Queue]: D9-D10-D11-D12-D15-D16-D17-D18-D19-D20-D22-D23-D24-D26-D27-D28-D29-D30

@D33-5 sits at Table 1.
@D36-2 orders from Bamboo Shop, and will need to wait for 9 periods to cook.
@D37-2 orders from PigPan Deli, and will need to wait for 9 periods to cook.
@D38-2 orders from BlueMART Vending Machine, and will need to wait for 9 periods to cook.
======================= T:130=======================
[Waiting-to-Enter Queue]: 
[Food Stall: Bamboo Shop]: D36
[Food Stall: PigPan Deli]: D37
[Food Stall: BlueMART Vending Machine]: D38
[Waiting-to-Seat Queue]: D34-D35
[Table 3]: D31-D33
[Table 4]: D13-D14-D21-D25
[Table 5]: D32
[Done Queue]: D9-D10-D11-D12-D15-D16-D17-D18-D19-D20-D22-D23-D24-D26-D27-D28-D29-D30

@D33-6 eats at the table, and will need 28 periods to eat his/her meal.
@D34-5 sits at Table 1.
======================= T:131=======================
[Waiting-to-Enter Queue]: 
[Food Stall: Bamboo Shop]: D36
[Food Stall: PigPan Deli]: D37
[Food Stall: BlueMART Vending Machine]: D38
[Waiting-to-Seat Queue]: D35
[Table 3]: D31-D33-D34
[Table 4]: D13-D14-D21-D25
[Table 5]: D32
[Done Queue]: D9-D10-D11-D12-D15-D16-D17-D18-D19-D20-D22-D23-D24-D26-D27-D28-D29-D30

@D34-6 eats at the table, and will need 28 periods to eat his/her meal.
@D35-5 sits at Table 1.
======================= T:132=======================
[Waiting-to-Enter Queue]: 
[Food Stall: Bamboo Shop]: D36
[Food Stall: PigPan Deli]: D37
[Food Stall: BlueMART Vending Machine]: D38
[Waiting-to-Seat Queue]: 
[Table 3]: D31-D33-D34-D35
[Table 4]: D13-D14-D21-D25
[Table 5]: D32
[Done Queue]: D9-D10-D11-D12-D15-D16-D17-D18-D19-D20-D22-D23-D24-D26-D27-D28-D29-D30

@D27-7is done eating.
@D35-6 eats at the table, and will need 28 periods to eat his/her meal.
======================= T:133=======================
[Waiting-to-Enter Queue]: 
[Food Stall: Bamboo Shop]: D36
[Food Stall: PigPan Deli]: D37
[Food Stall: BlueMART Vending Machine]: D38
[Waiting-to-Seat Queue]: 
[Table 3]: D33-D34-D35
[Table 4]: D13-D14-D21-D25
[Table 5]: D32
[Done Queue]: D9-D10-D11-D12-D15-D16-D17-D18-D19-D20-D22-D23-D24-D26-D27-D28-D29-D30-D31

@D28-7is done eating.
======================= T:134=======================
[Waiting-to-Enter Queue]: 
[Food Stall: Bamboo Shop]: D36
[Food Stall: PigPan Deli]: D37
[Food Stall: BlueMART Vending Machine]: D38
[Waiting-to-Seat Queue]: 
[Table 3]: D34-D35
[Table 4]: D13-D14-D21-D25
[Table 5]: D32
[Done Queue]: D9-D10-D11-D12-D15-D16-D17-D18-D19-D20-D22-D23-D24-D26-D27-D28-D29-D30-D31-D33

@D29-7is done eating.
======================= T:135=======================
[Waiting-to-Enter Queue]: 
[Food Stall: Bamboo Shop]: D36
[Food Stall: PigPan Deli]: D37
[Food Stall: BlueMART Vending Machine]: D38
[Waiting-to-Seat Queue]: 
[Table 3]: D35
[Table 4]: D13-D14-D21-D25
[Table 5]: D32
[Done Queue]: D9-D10-D11-D12-D15-D16-D17-D18-D19-D20-D22-D23-D24-D26-D27-D28-D29-D30-D31-D33-D34

======================= T:136=======================
[Waiting-to-Enter Queue]: 
[Food Stall: Bamboo Shop]: D36
[Food Stall: PigPan Deli]: D37
[Food Stall: BlueMART Vending Machine]: D38
[Waiting-to-Seat Queue]: 
[Table 3]: D35
[Table 4]: D13-D14-D21-D25
[Table 5]: D32
[Done Queue]: D9-D10-D11-D12-D15-D16-D17-D18-D19-D20-D22-D23-D24-D26-D27-D28-D29-D30-D31-D33-D34

======================= T:137=======================
[Waiting-to-Enter Queue]: 
[Food Stall: Bamboo Shop]: D36
[Food Stall: PigPan Deli]: D37
[Food Stall: BlueMART Vending Machine]: D38
[Waiting-to-Seat Queue]: 
[Table 3]: D35
[Table 4]: D13-D14-D21-D25
[Table 5]: D32
[Done Queue]: D9-D10-D11-D12-D15-D16-D17-D18-D19-D20-D22-D23-D24-D26-D27-D28-D29-D30-D31-D33-D34

======================= T:138=======================
[Waiting-to-Enter Queue]: 
[Food Stall: Bamboo Shop]: D36
[Food Stall: PigPan Deli]: D37
[Food Stall: BlueMART Vending Machine]: D38
[Waiting-to-Seat Queue]: 
[Table 3]: D35
[Table 4]: D13-D14-D21-D25
[Table 5]: D32
[Done Queue]: D9-D10-D11-D12-D15-D16-D17-D18-D19-D20-D22-D23-D24-D26-D27-D28-D29-D30-D31-D33-D34

======================= T:139=======================
[Waiting-to-Enter Queue]: 
[Food Stall: Bamboo Shop]: D36
[Food Stall: PigPan Deli]: D37
[Food Stall: BlueMART Vending Machine]: D38
[Waiting-to-Seat Queue]: 
[Table 3]: D35
[Table 4]: D13-D14-D21-D25
[Table 5]: D32
[Done Queue]: D9-D10-D11-D12-D15-D16-D17-D18-D19-D20-D22-D23-D24-D26-D27-D28-D29-D30-D31-D33-D34

@D36-3 at Bamboo Shop using DEFAULT payment which requires 3 period(s) to process payment.
@D37-3 at PigPan Deli using DEFAULT payment which requires 3 period(s) to process payment.
@D38-3 at BlueMART Vending Machine using DEFAULT payment which requires 3 period(s) to process payment.
======================= T:140=======================
[Waiting-to-Enter Queue]: 
[Food Stall: Bamboo Shop]: D36
[Food Stall: PigPan Deli]: D37
[Food Stall: BlueMART Vending Machine]: D38
[Waiting-to-Seat Queue]: 
[Table 3]: D35
[Table 4]: D13-D14-D21-D25
[Table 5]: D32
[Done Queue]: D9-D10-D11-D12-D15-D16-D17-D18-D19-D20-D22-D23-D24-D26-D27-D28-D29-D30-D31-D33-D34

======================= T:141=======================
[Waiting-to-Enter Queue]: 
[Food Stall: Bamboo Shop]: D36
[Food Stall: PigPan Deli]: D37
[Food Stall: BlueMART Vending Machine]: D38
[Waiting-to-Seat Queue]: 
[Table 3]: D35
[Table 4]: D13-D14-D21-D25
[Table 5]: D32
[Done Queue]: D9-D10-D11-D12-D15-D16-D17-D18-D19-D20-D22-D23-D24-D26-D27-D28-D29-D30-D31-D33-D34

@D36-4 retrieves food from Bamboo Shop, and goes to Waiting-to-Seat Queue.
@D37-4 retrieves food from PigPan Deli, and goes to Waiting-to-Seat Queue.
@D38-4 retrieves food from BlueMART Vending Machine, and goes to Waiting-to-Seat Queue.
======================= T:142=======================
[Waiting-to-Enter Queue]: 
[Food Stall: Bamboo Shop]: 
[Food Stall: PigPan Deli]: 
[Food Stall: BlueMART Vending Machine]: 
[Waiting-to-Seat Queue]: D36-D37-D38
[Table 3]: D35
[Table 4]: D13-D14-D21-D25
[Table 5]: D32
[Done Queue]: D9-D10-D11-D12-D15-D16-D17-D18-D19-D20-D22-D23-D24-D26-D27-D28-D29-D30-D31-D33-D34

@D36-5 sits at Table 1.
======================= T:143=======================
[Waiting-to-Enter Queue]: 
[Food Stall: Bamboo Shop]: 
[Food Stall: PigPan Deli]: 
[Food Stall: BlueMART Vending Machine]: 
[Waiting-to-Seat Queue]: D37-D38
[Table 3]: D35-D36
[Table 4]: D13-D14-D21-D25
[Table 5]: D32
[Done Queue]: D9-D10-D11-D12-D15-D16-D17-D18-D19-D20-D22-D23-D24-D26-D27-D28-D29-D30-D31-D33-D34

@D36-6 eats at the table, and will need 28 periods to eat his/her meal.
@D37-5 sits at Table 1.
======================= T:144=======================
[Waiting-to-Enter Queue]: 
[Food Stall: Bamboo Shop]: 
[Food Stall: PigPan Deli]: 
[Food Stall: BlueMART Vending Machine]: 
[Waiting-to-Seat Queue]: D38
[Table 3]: D35-D36-D37
[Table 4]: D13-D14-D21-D25
[Table 5]: D32
[Done Queue]: D9-D10-D11-D12-D15-D16-D17-D18-D19-D20-D22-D23-D24-D26-D27-D28-D29-D30-D31-D33-D34

@D37-6 eats at the table, and will need 28 periods to eat his/her meal.
@D38-5 sits at Table 1.
======================= T:145=======================
[Waiting-to-Enter Queue]: 
[Food Stall: Bamboo Shop]: 
[Food Stall: PigPan Deli]: 
[Food Stall: BlueMART Vending Machine]: 
[Waiting-to-Seat Queue]: 
[Table 3]: D35-D36-D37-D38
[Table 4]: D13-D14-D21-D25
[Table 5]: D32
[Done Queue]: D9-D10-D11-D12-D15-D16-D17-D18-D19-D20-D22-D23-D24-D26-D27-D28-D29-D30-D31-D33-D34

@D30-7is done eating.
@D38-6 eats at the table, and will need 28 periods to eat his/her meal.
======================= T:146=======================
[Waiting-to-Enter Queue]: 
[Food Stall: Bamboo Shop]: 
[Food Stall: PigPan Deli]: 
[Food Stall: BlueMART Vending Machine]: 
[Waiting-to-Seat Queue]: 
[Table 3]: D36-D37-D38
[Table 4]: D13-D14-D21-D25
[Table 5]: D32
[Done Queue]: D9-D10-D11-D12-D15-D16-D17-D18-D19-D20-D22-D23-D24-D26-D27-D28-D29-D30-D31-D33-D34-D35

@D31-7is done eating.
======================= T:147=======================
[Waiting-to-Enter Queue]: 
[Food Stall: Bamboo Shop]: 
[Food Stall: PigPan Deli]: 
[Food Stall: BlueMART Vending Machine]: 
[Waiting-to-Seat Queue]: 
[Table 3]: D37-D38
[Table 4]: D13-D14-D21-D25
[Table 5]: D32
[Done Queue]: D9-D10-D11-D12-D15-D16-D17-D18-D19-D20-D22-D23-D24-D26-D27-D28-D29-D30-D31-D33-D34-D35-D36

@D32-7is done eating.
======================= T:148=======================
[Waiting-to-Enter Queue]: 
[Food Stall: Bamboo Shop]: 
[Food Stall: PigPan Deli]: 
[Food Stall: BlueMART Vending Machine]: 
[Waiting-to-Seat Queue]: 
[Table 3]: D38
[Table 4]: D13-D14-D21-D25
[Table 5]: D32
[Done Queue]: D9-D10-D11-D12-D15-D16-D17-D18-D19-D20-D22-D23-D24-D26-D27-D28-D29-D30-D31-D33-D34-D35-D36-D37

======================= T:149=======================
[Waiting-to-Enter Queue]: 
[Food Stall: Bamboo Shop]: 
[Food Stall: PigPan Deli]: 
[Food Stall: BlueMART Vending Machine]: 
[Waiting-to-Seat Queue]: 
[Table 3]: D38
[Table 4]: D13-D14-D21-D25
[Table 5]: D32
[Done Queue]: D9-D10-D11-D12-D15-D16-D17-D18-D19-D20-D22-D23-D24-D26-D27-D28-D29-D30-D31-D33-D34-D35-D36-D37

======================= T:150=======================
[Waiting-to-Enter Queue]: 
[Food Stall: Bamboo Shop]: 
[Food Stall: PigPan Deli]: 
[Food Stall: BlueMART Vending Machine]: 
[Waiting-to-Seat Queue]: 
[Table 3]: D38
[Table 4]: D13-D14-D21-D25
[Table 5]: D32
[Done Queue]: D9-D10-D11-D12-D15-D16-D17-D18-D19-D20-D22-D23-D24-D26-D27-D28-D29-D30-D31-D33-D34-D35-D36-D37

======================= T:151=======================
[Waiting-to-Enter Queue]: 
[Food Stall: Bamboo Shop]: 
[Food Stall: PigPan Deli]: 
[Food Stall: BlueMART Vending Machine]: 
[Waiting-to-Seat Queue]: 
[Table 3]: D38
[Table 4]: D13-D14-D21-D25
[Table 5]: D32
[Done Queue]: D9-D10-D11-D12-D15-D16-D17-D18-D19-D20-D22-D23-D24-D26-D27-D28-D29-D30-D31-D33-D34-D35-D36-D37

======================= T:152=======================
[Waiting-to-Enter Queue]: 
[Food Stall: Bamboo Shop]: 
[Food Stall: PigPan Deli]: 
[Food Stall: BlueMART Vending Machine]: 
[Waiting-to-Seat Queue]: 
[Table 3]: D38
[Table 4]: D13-D14-D21-D25
[Table 5]: D32
[Done Queue]: D9-D10-D11-D12-D15-D16-D17-D18-D19-D20-D22-D23-D24-D26-D27-D28-D29-D30-D31-D33-D34-D35-D36-D37

======================= T:153=======================
[Waiting-to-Enter Queue]: 
[Food Stall: Bamboo Shop]: 
[Food Stall: PigPan Deli]: 
[Food Stall: BlueMART Vending Machine]: 
[Waiting-to-Seat Queue]: 
[Table 3]: D38
[Table 4]: D13-D14-D21-D25
[Table 5]: D32
[Done Queue]: D9-D10-D11-D12-D15-D16-D17-D18-D19-D20-D22-D23-D24-D26-D27-D28-D29-D30-D31-D33-D34-D35-D36-D37

======================= T:154=======================
[Waiting-to-Enter Queue]: 
[Food Stall: Bamboo Shop]: 
[Food Stall: PigPan Deli]: 
[Food Stall: BlueMART Vending Machine]: 
[Waiting-to-Seat Queue]: 
[Table 3]: D38
[Table 4]: D13-D14-D21-D25
[Table 5]: D32
[Done Queue]: D9-D10-D11-D12-D15-D16-D17-D18-D19-D20-D22-D23-D24-D26-D27-D28-D29-D30-D31-D33-D34-D35-D36-D37

======================= T:155=======================
[Waiting-to-Enter Queue]: 
[Food Stall: Bamboo Shop]: 
[Food Stall: PigPan Deli]: 
[Food Stall: BlueMART Vending Machine]: 
[Waiting-to-Seat Queue]: 
[Table 3]: D38
[Table 4]: D13-D14-D21-D25
[Table 5]: D32
[Done Queue]: D9-D10-D11-D12-D15-D16-D17-D18-D19-D20-D22-D23-D24-D26-D27-D28-D29-D30-D31-D33-D34-D35-D36-D37

======================= T:156=======================
[Waiting-to-Enter Queue]: 
[Food Stall: Bamboo Shop]: 
[Food Stall: PigPan Deli]: 
[Food Stall: BlueMART Vending Machine]: 
[Waiting-to-Seat Queue]: 
[Table 3]: D38
[Table 4]: D13-D14-D21-D25
[Table 5]: D32
[Done Queue]: D9-D10-D11-D12-D15-D16-D17-D18-D19-D20-D22-D23-D24-D26-D27-D28-D29-D30-D31-D33-D34-D35-D36-D37

======================= T:157=======================
[Waiting-to-Enter Queue]: 
[Food Stall: Bamboo Shop]: 
[Food Stall: PigPan Deli]: 
[Food Stall: BlueMART Vending Machine]: 
[Waiting-to-Seat Queue]: 
[Table 3]: D38
[Table 4]: D13-D14-D21-D25
[Table 5]: D32
[Done Queue]: D9-D10-D11-D12-D15-D16-D17-D18-D19-D20-D22-D23-D24-D26-D27-D28-D29-D30-D31-D33-D34-D35-D36-D37

======================= T:158=======================
[Waiting-to-Enter Queue]: 
[Food Stall: Bamboo Shop]: 
[Food Stall: PigPan Deli]: 
[Food Stall: BlueMART Vending Machine]: 
[Waiting-to-Seat Queue]: 
[Table 3]: D38
[Table 4]: D13-D14-D21-D25
[Table 5]: D32
[Done Queue]: D9-D10-D11-D12-D15-D16-D17-D18-D19-D20-D22-D23-D24-D26-D27-D28-D29-D30-D31-D33-D34-D35-D36-D37

@D33-7is done eating.
======================= T:159=======================
[Waiting-to-Enter Queue]: 
[Food Stall: Bamboo Shop]: 
[Food Stall: PigPan Deli]: 
[Food Stall: BlueMART Vending Machine]: 
[Waiting-to-Seat Queue]: 
[Table 3]: 
[Table 4]: D13-D14-D21-D25
[Table 5]: D32
[Done Queue]: D9-D10-D11-D12-D15-D16-D17-D18-D19-D20-D22-D23-D24-D26-D27-D28-D29-D30-D31-D33-D34-D35-D36-D37-D38

@D34-7is done eating.
======================= T:160=======================
[Waiting-to-Enter Queue]: 
[Food Stall: Bamboo Shop]: 
[Food Stall: PigPan Deli]: 
[Food Stall: BlueMART Vending Machine]: 
[Waiting-to-Seat Queue]: 
[Table 3]: 
[Table 4]: D14-D21-D25
[Table 5]: D32
[Done Queue]: D9-D10-D11-D12-D15-D16-D17-D18-D19-D20-D22-D23-D24-D26-D27-D28-D29-D30-D31-D33-D34-D35-D36-D37-D38-D13

@D35-7is done eating.
======================= T:161=======================
[Waiting-to-Enter Queue]: 
[Food Stall: Bamboo Shop]: 
[Food Stall: PigPan Deli]: 
[Food Stall: BlueMART Vending Machine]: 
[Waiting-to-Seat Queue]: 
[Table 3]: 
[Table 4]: D21-D25
[Table 5]: D32
[Done Queue]: D9-D10-D11-D12-D15-D16-D17-D18-D19-D20-D22-D23-D24-D26-D27-D28-D29-D30-D31-D33-D34-D35-D36-D37-D38-D13-D14

======================= T:162=======================
[Waiting-to-Enter Queue]: 
[Food Stall: Bamboo Shop]: 
[Food Stall: PigPan Deli]: 
[Food Stall: BlueMART Vending Machine]: 
[Waiting-to-Seat Queue]: 
[Table 3]: 
[Table 4]: D21-D25
[Table 5]: D32
[Done Queue]: D9-D10-D11-D12-D15-D16-D17-D18-D19-D20-D22-D23-D24-D26-D27-D28-D29-D30-D31-D33-D34-D35-D36-D37-D38-D13-D14

======================= T:163=======================
[Waiting-to-Enter Queue]: 
[Food Stall: Bamboo Shop]: 
[Food Stall: PigPan Deli]: 
[Food Stall: BlueMART Vending Machine]: 
[Waiting-to-Seat Queue]: 
[Table 3]: 
[Table 4]: D21-D25
[Table 5]: D32
[Done Queue]: D9-D10-D11-D12-D15-D16-D17-D18-D19-D20-D22-D23-D24-D26-D27-D28-D29-D30-D31-D33-D34-D35-D36-D37-D38-D13-D14

======================= T:164=======================
[Waiting-to-Enter Queue]: 
[Food Stall: Bamboo Shop]: 
[Food Stall: PigPan Deli]: 
[Food Stall: BlueMART Vending Machine]: 
[Waiting-to-Seat Queue]: 
[Table 3]: 
[Table 4]: D21-D25
[Table 5]: D32
[Done Queue]: D9-D10-D11-D12-D15-D16-D17-D18-D19-D20-D22-D23-D24-D26-D27-D28-D29-D30-D31-D33-D34-D35-D36-D37-D38-D13-D14

======================= T:165=======================
[Waiting-to-Enter Queue]: 
[Food Stall: Bamboo Shop]: 
[Food Stall: PigPan Deli]: 
[Food Stall: BlueMART Vending Machine]: 
[Waiting-to-Seat Queue]: 
[Table 3]: 
[Table 4]: D21-D25
[Table 5]: D32
[Done Queue]: D9-D10-D11-D12-D15-D16-D17-D18-D19-D20-D22-D23-D24-D26-D27-D28-D29-D30-D31-D33-D34-D35-D36-D37-D38-D13-D14

======================= T:166=======================
[Waiting-to-Enter Queue]: 
[Food Stall: Bamboo Shop]: 
[Food Stall: PigPan Deli]: 
[Food Stall: BlueMART Vending Machine]: 
[Waiting-to-Seat Queue]: 
[Table 3]: 
[Table 4]: D21-D25
[Table 5]: D32
[Done Queue]: D9-D10-D11-D12-D15-D16-D17-D18-D19-D20-D22-D23-D24-D26-D27-D28-D29-D30-D31-D33-D34-D35-D36-D37-D38-D13-D14

======================= T:167=======================
[Waiting-to-Enter Queue]: 
[Food Stall: Bamboo Shop]: 
[Food Stall: PigPan Deli]: 
[Food Stall: BlueMART Vending Machine]: 
[Waiting-to-Seat Queue]: 
[Table 3]: 
[Table 4]: D21-D25
[Table 5]: D32
[Done Queue]: D9-D10-D11-D12-D15-D16-D17-D18-D19-D20-D22-D23-D24-D26-D27-D28-D29-D30-D31-D33-D34-D35-D36-D37-D38-D13-D14

======================= T:168=======================
[Waiting-to-Enter Queue]: 
[Food Stall: Bamboo Shop]: 
[Food Stall: PigPan Deli]: 
[Food Stall: BlueMART Vending Machine]: 
[Waiting-to-Seat Queue]: 
[Table 3]: 
[Table 4]: D21-D25
[Table 5]: D32
[Done Queue]: D9-D10-D11-D12-D15-D16-D17-D18-D19-D20-D22-D23-D24-D26-D27-D28-D29-D30-D31-D33-D34-D35-D36-D37-D38-D13-D14

======================= T:169=======================
[Waiting-to-Enter Queue]: 
[Food Stall: Bamboo Shop]: 
[Food Stall: PigPan Deli]: 
[Food Stall: BlueMART Vending Machine]: 
[Waiting-to-Seat Queue]: 
[Table 3]: 
[Table 4]: D21-D25
[Table 5]: D32
[Done Queue]: D9-D10-D11-D12-D15-D16-D17-D18-D19-D20-D22-D23-D24-D26-D27-D28-D29-D30-D31-D33-D34-D35-D36-D37-D38-D13-D14

======================= T:170=======================
[Waiting-to-Enter Queue]: 
[Food Stall: Bamboo Shop]: 
[Food Stall: PigPan Deli]: 
[Food Stall: BlueMART Vending Machine]: 
[Waiting-to-Seat Queue]: 
[Table 3]: 
[Table 4]: D21-D25
[Table 5]: D32
[Done Queue]: D9-D10-D11-D12-D15-D16-D17-D18-D19-D20-D22-D23-D24-D26-D27-D28-D29-D30-D31-D33-D34-D35-D36-D37-D38-D13-D14

======================= T:171=======================
[Waiting-to-Enter Queue]: 
[Food Stall: Bamboo Shop]: 
[Food Stall: PigPan Deli]: 
[Food Stall: BlueMART Vending Machine]: 
[Waiting-to-Seat Queue]: 
[Table 3]: 
[Table 4]: D21-D25
[Table 5]: D32
[Done Queue]: D9-D10-D11-D12-D15-D16-D17-D18-D19-D20-D22-D23-D24-D26-D27-D28-D29-D30-D31-D33-D34-D35-D36-D37-D38-D13-D14

@D36-7is done eating.
======================= T:172=======================
[Waiting-to-Enter Queue]: 
[Food Stall: Bamboo Shop]: 
[Food Stall: PigPan Deli]: 
[Food Stall: BlueMART Vending Machine]: 
[Waiting-to-Seat Queue]: 
[Table 3]: 
[Table 4]: D25
[Table 5]: D32
[Done Queue]: D9-D10-D11-D12-D15-D16-D17-D18-D19-D20-D22-D23-D24-D26-D27-D28-D29-D30-D31-D33-D34-D35-D36-D37-D38-D13-D14-D21

@D37-7is done eating.
======================= T:173=======================
[Waiting-to-Enter Queue]: 
[Food Stall: Bamboo Shop]: 
[Food Stall: PigPan Deli]: 
[Food Stall: BlueMART Vending Machine]: 
[Waiting-to-Seat Queue]: 
[Table 3]: 
[Table 4]: 
[Table 5]: D32
[Done Queue]: D9-D10-D11-D12-D15-D16-D17-D18-D19-D20-D22-D23-D24-D26-D27-D28-D29-D30-D31-D33-D34-D35-D36-D37-D38-D13-D14-D21-D25

@D38-7is done eating.
======================= T:174=======================
[Waiting-to-Enter Queue]: 
[Food Stall: Bamboo Shop]: 
[Food Stall: PigPan Deli]: 
[Food Stall: BlueMART Vending Machine]: 
[Waiting-to-Seat Queue]: 
[Table 3]: 
[Table 4]: 
[Table 5]: 
[Done Queue]: D9-D10-D11-D12-D15-D16-D17-D18-D19-D20-D22-D23-D24-D26-D27-D28-D29-D30-D31-D33-D34-D35-D36-D37-D38-D13-D14-D21-D25-D32

@@ Simulation Done. Great Job!!
