T=0	1	0	0	0	0
T=1	0	1	0	0	0
T=2	0	1	0	0	0
T=3	0	1	0	0	0
T=4	0	1	0	0	0
T=5	0	1	0	0	0
T=6	0	1	0	0	0
T=7	0	1	0	0	0
T=8	0	1	0	0	0
T=9	0	1	0	0	0
T=10	0	1	0	0	0
T=11	0	1	0	0	0
T=12	0	1	0	0	0
T=13	0	1	0	0	0
T=14	0	0	1	0	0
T=15	0	0	0	1	0
T=16	0	0	0	1	0
T=17	0	0	0	1	0
T=18	0	0	0	1	0
T=19	0	0	0	1	0
T=20	0	0	0	1	0
T=21	0	0	0	1	0
T=22	0	0	0	1	0
T=23	0	0	0	1	0
T=24	0	0	0	1	0
T=25	0	0	0	1	0
T=26	0	0	0	1	0
T=27	0	0	0	1	0
T=28	0	0	0	1	0
T=29	0	0	0	1	0
T=30	0	0	0	1	0
T=31	0	0	0	1	0
T=32	0	0	0	1	0
T=33	0	0	0	1	0
T=34	0	0	0	1	0
T=35	0	0	0	1	0
T=36	0	0	0	1	0
T=37	0	0	0	1	0
T=38	0	0	0	1	0
T=39	0	0	0	1	0
T=40	0	0	0	1	0
T=41	0	0	0	1	0
T=42	0	0	0	1	0
T=43	0	0	0	1	0
T=44	0	0	0	0	1
@@ Simulation Done. Great Job!!
