T=0	6	0	0	0	0
T=1	5	1	0	0	0
T=2	4	2	0	0	0
T=3	3	3	0	0	0
T=4	2	4	0	0	0
T=5	1	5	0	0	0
T=6	1	5	0	0	0
T=7	1	5	0	0	0
T=8	1	5	0	0	0
T=9	1	5	0	0	0
T=10	1	5	0	0	0
T=11	1	5	0	0	0
T=12	1	5	0	0	0
T=13	1	5	0	0	0
T=14	1	5	0	0	0
T=15	1	5	0	0	0
T=16	1	4	1	0	0
T=17	0	5	0	1	0
T=18	0	5	0	1	0
T=19	0	5	0	1	0
T=20	0	5	0	1	0
T=21	0	5	0	1	0
T=22	0	5	0	1	0
T=23	0	5	0	1	0
T=24	0	5	0	1	0
T=25	0	5	0	1	0
T=26	0	5	0	1	0
T=27	0	5	0	1	0
T=28	0	5	0	1	0
T=29	0	5	0	1	0
T=30	0	5	0	1	0
T=31	0	4	1	1	0
T=32	0	4	0	2	0
T=33	0	4	0	2	0
T=34	0	4	0	2	0
T=35	0	4	0	2	0
T=36	0	4	0	2	0
T=37	0	4	0	2	0
T=38	0	4	0	2	0
T=39	0	4	0	2	0
T=40	0	4	0	2	0
T=41	0	4	0	2	0
T=42	0	4	0	2	0
T=43	0	4	0	2	0
T=44	0	4	0	2	0
T=45	0	4	0	2	0
T=46	0	3	1	1	1
T=47	0	3	0	2	1
T=48	0	3	0	2	1
T=49	0	3	0	2	1
T=50	0	3	0	2	1
T=51	0	3	0	2	1
T=52	0	3	0	2	1
T=53	0	3	0	2	1
T=54	0	3	0	2	1
T=55	0	3	0	2	1
T=56	0	3	0	2	1
T=57	0	3	0	2	1
T=58	0	3	0	2	1
T=59	0	3	0	2	1
T=60	0	3	0	2	1
T=61	0	2	1	1	2
T=62	0	2	0	2	2
T=63	0	2	0	2	2
T=64	0	2	0	2	2
T=65	0	2	0	2	2
T=66	0	2	0	2	2
T=67	0	2	0	2	2
T=68	0	2	0	2	2
T=69	0	2	0	2	2
T=70	0	2	0	2	2
T=71	0	2	0	2	2
T=72	0	2	0	2	2
T=73	0	2	0	2	2
T=74	0	2	0	2	2
T=75	0	2	0	2	2
T=76	0	1	1	1	3
T=77	0	1	0	2	3
T=78	0	1	0	2	3
T=79	0	1	0	2	3
T=80	0	1	0	2	3
T=81	0	1	0	2	3
T=82	0	1	0	2	3
T=83	0	1	0	2	3
T=84	0	1	0	2	3
T=85	0	1	0	2	3
T=86	0	1	0	2	3
T=87	0	1	0	2	3
T=88	0	1	0	2	3
T=89	0	1	0	2	3
T=90	0	1	0	2	3
T=91	0	0	1	1	4
T=92	0	0	0	2	4
T=93	0	0	0	2	4
T=94	0	0	0	2	4
T=95	0	0	0	2	4
T=96	0	0	0	2	4
T=97	0	0	0	2	4
T=98	0	0	0	2	4
T=99	0	0	0	2	4
T=100	0	0	0	2	4
T=101	0	0	0	2	4
T=102	0	0	0	2	4
T=103	0	0	0	2	4
T=104	0	0	0	2	4
T=105	0	0	0	2	4
T=106	0	0	0	1	5
T=107	0	0	0	1	5
T=108	0	0	0	1	5
T=109	0	0	0	1	5
T=110	0	0	0	1	5
T=111	0	0	0	1	5
T=112	0	0	0	1	5
T=113	0	0	0	1	5
T=114	0	0	0	1	5
T=115	0	0	0	1	5
T=116	0	0	0	1	5
T=117	0	0	0	1	5
T=118	0	0	0	1	5
T=119	0	0	0	1	5
T=120	0	0	0	1	5
T=121	0	0	0	0	6
@@ Simulation Done. Great Job!!
