======================= T:0=======================
[Waiting-to-Enter Queue]: D3-D4-D5-D6-D7-D8
[Food Stall: Bamboo Shop]: 
[Waiting-to-Seat Queue]: 
[Table 3]: 
[Done Queue]: 

@D3-1 queues up at Bamboo Shop, and waiting to order.
======================= T:1=======================
[Waiting-to-Enter Queue]: D4-D5-D6-D7-D8
[Food Stall: Bamboo Shop]: D3
[Waiting-to-Seat Queue]: 
[Table 3]: 
[Done Queue]: 

@D3-2 orders from Bamboo Shop, and will need to wait for 9 periods to cook.
@D4-1 queues up at Bamboo Shop, and waiting to order.
======================= T:2=======================
[Waiting-to-Enter Queue]: D5-D6-D7-D8
[Food Stall: Bamboo Shop]: D3-D4
[Waiting-to-Seat Queue]: 
[Table 3]: 
[Done Queue]: 

@D5-1 queues up at Bamboo Shop, and waiting to order.
======================= T:3=======================
[Waiting-to-Enter Queue]: D6-D7-D8
[Food Stall: Bamboo Shop]: D3-D4-D5
[Waiting-to-Seat Queue]: 
[Table 3]: 
[Done Queue]: 

@D6-1 queues up at Bamboo Shop, and waiting to order.
======================= T:4=======================
[Waiting-to-Enter Queue]: D7-D8
[Food Stall: Bamboo Shop]: D3-D4-D5-D6
[Waiting-to-Seat Queue]: 
[Table 3]: 
[Done Queue]: 

@D7-1 queues up at Bamboo Shop, and waiting to order.
======================= T:5=======================
[Waiting-to-Enter Queue]: D8
[Food Stall: Bamboo Shop]: D3-D4-D5-D6-D7
[Waiting-to-Seat Queue]: 
[Table 3]: 
[Done Queue]: 

======================= T:6=======================
[Waiting-to-Enter Queue]: D8
[Food Stall: Bamboo Shop]: D3-D4-D5-D6-D7
[Waiting-to-Seat Queue]: 
[Table 3]: 
[Done Queue]: 

======================= T:7=======================
[Waiting-to-Enter Queue]: D8
[Food Stall: Bamboo Shop]: D3-D4-D5-D6-D7
[Waiting-to-Seat Queue]: 
[Table 3]: 
[Done Queue]: 

======================= T:8=======================
[Waiting-to-Enter Queue]: D8
[Food Stall: Bamboo Shop]: D3-D4-D5-D6-D7
[Waiting-to-Seat Queue]: 
[Table 3]: 
[Done Queue]: 

======================= T:9=======================
[Waiting-to-Enter Queue]: D8
[Food Stall: Bamboo Shop]: D3-D4-D5-D6-D7
[Waiting-to-Seat Queue]: 
[Table 3]: 
[Done Queue]: 

======================= T:10=======================
[Waiting-to-Enter Queue]: D8
[Food Stall: Bamboo Shop]: D3-D4-D5-D6-D7
[Waiting-to-Seat Queue]: 
[Table 3]: 
[Done Queue]: 

======================= T:11=======================
[Waiting-to-Enter Queue]: D8
[Food Stall: Bamboo Shop]: D3-D4-D5-D6-D7
[Waiting-to-Seat Queue]: 
[Table 3]: 
[Done Queue]: 

@D3-3 at Bamboo Shop using DEFAULT payment which requires 3 period(s) to process payment.
======================= T:12=======================
[Waiting-to-Enter Queue]: D8
[Food Stall: Bamboo Shop]: D3-D4-D5-D6-D7
[Waiting-to-Seat Queue]: 
[Table 3]: 
[Done Queue]: 

======================= T:13=======================
[Waiting-to-Enter Queue]: D8
[Food Stall: Bamboo Shop]: D3-D4-D5-D6-D7
[Waiting-to-Seat Queue]: 
[Table 3]: 
[Done Queue]: 

======================= T:14=======================
[Waiting-to-Enter Queue]: D8
[Food Stall: Bamboo Shop]: D3-D4-D5-D6-D7
[Waiting-to-Seat Queue]: 
[Table 3]: 
[Done Queue]: 

======================= T:15=======================
[Waiting-to-Enter Queue]: D8
[Food Stall: Bamboo Shop]: D3-D4-D5-D6-D7
[Waiting-to-Seat Queue]: 
[Table 3]: 
[Done Queue]: 

@D3-4 retrieves food from Bamboo Shop, and goes to Waiting-to-Seat Queue.
======================= T:16=======================
[Waiting-to-Enter Queue]: D8
[Food Stall: Bamboo Shop]: D4-D5-D6-D7
[Waiting-to-Seat Queue]: D3
[Table 3]: 
[Done Queue]: 

@D3-5 sits at Table 1.
@D4-2 orders from Bamboo Shop, and will need to wait for 9 periods to cook.
@D8-1 queues up at Bamboo Shop, and waiting to order.
======================= T:17=======================
[Waiting-to-Enter Queue]: 
[Food Stall: Bamboo Shop]: D4-D5-D6-D7-D8
[Waiting-to-Seat Queue]: 
[Table 3]: D3
[Done Queue]: 

@D3-6 eats at the table, and will need 28 periods to eat his/her meal.
======================= T:18=======================
[Waiting-to-Enter Queue]: 
[Food Stall: Bamboo Shop]: D4-D5-D6-D7-D8
[Waiting-to-Seat Queue]: 
[Table 3]: D3
[Done Queue]: 

======================= T:19=======================
[Waiting-to-Enter Queue]: 
[Food Stall: Bamboo Shop]: D4-D5-D6-D7-D8
[Waiting-to-Seat Queue]: 
[Table 3]: D3
[Done Queue]: 

======================= T:20=======================
[Waiting-to-Enter Queue]: 
[Food Stall: Bamboo Shop]: D4-D5-D6-D7-D8
[Waiting-to-Seat Queue]: 
[Table 3]: D3
[Done Queue]: 

======================= T:21=======================
[Waiting-to-Enter Queue]: 
[Food Stall: Bamboo Shop]: D4-D5-D6-D7-D8
[Waiting-to-Seat Queue]: 
[Table 3]: D3
[Done Queue]: 

======================= T:22=======================
[Waiting-to-Enter Queue]: 
[Food Stall: Bamboo Shop]: D4-D5-D6-D7-D8
[Waiting-to-Seat Queue]: 
[Table 3]: D3
[Done Queue]: 

======================= T:23=======================
[Waiting-to-Enter Queue]: 
[Food Stall: Bamboo Shop]: D4-D5-D6-D7-D8
[Waiting-to-Seat Queue]: 
[Table 3]: D3
[Done Queue]: 

======================= T:24=======================
[Waiting-to-Enter Queue]: 
[Food Stall: Bamboo Shop]: D4-D5-D6-D7-D8
[Waiting-to-Seat Queue]: 
[Table 3]: D3
[Done Queue]: 

======================= T:25=======================
[Waiting-to-Enter Queue]: 
[Food Stall: Bamboo Shop]: D4-D5-D6-D7-D8
[Waiting-to-Seat Queue]: 
[Table 3]: D3
[Done Queue]: 

======================= T:26=======================
[Waiting-to-Enter Queue]: 
[Food Stall: Bamboo Shop]: D4-D5-D6-D7-D8
[Waiting-to-Seat Queue]: 
[Table 3]: D3
[Done Queue]: 

@D4-3 at Bamboo Shop using DEFAULT payment which requires 3 period(s) to process payment.
======================= T:27=======================
[Waiting-to-Enter Queue]: 
[Food Stall: Bamboo Shop]: D4-D5-D6-D7-D8
[Waiting-to-Seat Queue]: 
[Table 3]: D3
[Done Queue]: 

======================= T:28=======================
[Waiting-to-Enter Queue]: 
[Food Stall: Bamboo Shop]: D4-D5-D6-D7-D8
[Waiting-to-Seat Queue]: 
[Table 3]: D3
[Done Queue]: 

======================= T:29=======================
[Waiting-to-Enter Queue]: 
[Food Stall: Bamboo Shop]: D4-D5-D6-D7-D8
[Waiting-to-Seat Queue]: 
[Table 3]: D3
[Done Queue]: 

======================= T:30=======================
[Waiting-to-Enter Queue]: 
[Food Stall: Bamboo Shop]: D4-D5-D6-D7-D8
[Waiting-to-Seat Queue]: 
[Table 3]: D3
[Done Queue]: 

@D4-4 retrieves food from Bamboo Shop, and goes to Waiting-to-Seat Queue.
======================= T:31=======================
[Waiting-to-Enter Queue]: 
[Food Stall: Bamboo Shop]: D5-D6-D7-D8
[Waiting-to-Seat Queue]: D4
[Table 3]: D3
[Done Queue]: 

@D4-5 sits at Table 1.
@D5-2 orders from Bamboo Shop, and will need to wait for 9 periods to cook.
======================= T:32=======================
[Waiting-to-Enter Queue]: 
[Food Stall: Bamboo Shop]: D5-D6-D7-D8
[Waiting-to-Seat Queue]: 
[Table 3]: D3-D4
[Done Queue]: 

@D4-6 eats at the table, and will need 28 periods to eat his/her meal.
======================= T:33=======================
[Waiting-to-Enter Queue]: 
[Food Stall: Bamboo Shop]: D5-D6-D7-D8
[Waiting-to-Seat Queue]: 
[Table 3]: D3-D4
[Done Queue]: 

======================= T:34=======================
[Waiting-to-Enter Queue]: 
[Food Stall: Bamboo Shop]: D5-D6-D7-D8
[Waiting-to-Seat Queue]: 
[Table 3]: D3-D4
[Done Queue]: 

======================= T:35=======================
[Waiting-to-Enter Queue]: 
[Food Stall: Bamboo Shop]: D5-D6-D7-D8
[Waiting-to-Seat Queue]: 
[Table 3]: D3-D4
[Done Queue]: 

======================= T:36=======================
[Waiting-to-Enter Queue]: 
[Food Stall: Bamboo Shop]: D5-D6-D7-D8
[Waiting-to-Seat Queue]: 
[Table 3]: D3-D4
[Done Queue]: 

======================= T:37=======================
[Waiting-to-Enter Queue]: 
[Food Stall: Bamboo Shop]: D5-D6-D7-D8
[Waiting-to-Seat Queue]: 
[Table 3]: D3-D4
[Done Queue]: 

======================= T:38=======================
[Waiting-to-Enter Queue]: 
[Food Stall: Bamboo Shop]: D5-D6-D7-D8
[Waiting-to-Seat Queue]: 
[Table 3]: D3-D4
[Done Queue]: 

======================= T:39=======================
[Waiting-to-Enter Queue]: 
[Food Stall: Bamboo Shop]: D5-D6-D7-D8
[Waiting-to-Seat Queue]: 
[Table 3]: D3-D4
[Done Queue]: 

======================= T:40=======================
[Waiting-to-Enter Queue]: 
[Food Stall: Bamboo Shop]: D5-D6-D7-D8
[Waiting-to-Seat Queue]: 
[Table 3]: D3-D4
[Done Queue]: 

======================= T:41=======================
[Waiting-to-Enter Queue]: 
[Food Stall: Bamboo Shop]: D5-D6-D7-D8
[Waiting-to-Seat Queue]: 
[Table 3]: D3-D4
[Done Queue]: 

@D5-3 at Bamboo Shop using DEFAULT payment which requires 3 period(s) to process payment.
======================= T:42=======================
[Waiting-to-Enter Queue]: 
[Food Stall: Bamboo Shop]: D5-D6-D7-D8
[Waiting-to-Seat Queue]: 
[Table 3]: D3-D4
[Done Queue]: 

======================= T:43=======================
[Waiting-to-Enter Queue]: 
[Food Stall: Bamboo Shop]: D5-D6-D7-D8
[Waiting-to-Seat Queue]: 
[Table 3]: D3-D4
[Done Queue]: 

======================= T:44=======================
[Waiting-to-Enter Queue]: 
[Food Stall: Bamboo Shop]: D5-D6-D7-D8
[Waiting-to-Seat Queue]: 
[Table 3]: D3-D4
[Done Queue]: 

======================= T:45=======================
[Waiting-to-Enter Queue]: 
[Food Stall: Bamboo Shop]: D5-D6-D7-D8
[Waiting-to-Seat Queue]: 
[Table 3]: D3-D4
[Done Queue]: 

@D3-7is done eating.
@D5-4 retrieves food from Bamboo Shop, and goes to Waiting-to-Seat Queue.
======================= T:46=======================
[Waiting-to-Enter Queue]: 
[Food Stall: Bamboo Shop]: D6-D7-D8
[Waiting-to-Seat Queue]: D5
[Table 3]: D4
[Done Queue]: D3

@D5-5 sits at Table 1.
@D6-2 orders from Bamboo Shop, and will need to wait for 9 periods to cook.
======================= T:47=======================
[Waiting-to-Enter Queue]: 
[Food Stall: Bamboo Shop]: D6-D7-D8
[Waiting-to-Seat Queue]: 
[Table 3]: D4-D5
[Done Queue]: D3

@D5-6 eats at the table, and will need 28 periods to eat his/her meal.
======================= T:48=======================
[Waiting-to-Enter Queue]: 
[Food Stall: Bamboo Shop]: D6-D7-D8
[Waiting-to-Seat Queue]: 
[Table 3]: D4-D5
[Done Queue]: D3

======================= T:49=======================
[Waiting-to-Enter Queue]: 
[Food Stall: Bamboo Shop]: D6-D7-D8
[Waiting-to-Seat Queue]: 
[Table 3]: D4-D5
[Done Queue]: D3

======================= T:50=======================
[Waiting-to-Enter Queue]: 
[Food Stall: Bamboo Shop]: D6-D7-D8
[Waiting-to-Seat Queue]: 
[Table 3]: D4-D5
[Done Queue]: D3

======================= T:51=======================
[Waiting-to-Enter Queue]: 
[Food Stall: Bamboo Shop]: D6-D7-D8
[Waiting-to-Seat Queue]: 
[Table 3]: D4-D5
[Done Queue]: D3

======================= T:52=======================
[Waiting-to-Enter Queue]: 
[Food Stall: Bamboo Shop]: D6-D7-D8
[Waiting-to-Seat Queue]: 
[Table 3]: D4-D5
[Done Queue]: D3

======================= T:53=======================
[Waiting-to-Enter Queue]: 
[Food Stall: Bamboo Shop]: D6-D7-D8
[Waiting-to-Seat Queue]: 
[Table 3]: D4-D5
[Done Queue]: D3

======================= T:54=======================
[Waiting-to-Enter Queue]: 
[Food Stall: Bamboo Shop]: D6-D7-D8
[Waiting-to-Seat Queue]: 
[Table 3]: D4-D5
[Done Queue]: D3

======================= T:55=======================
[Waiting-to-Enter Queue]: 
[Food Stall: Bamboo Shop]: D6-D7-D8
[Waiting-to-Seat Queue]: 
[Table 3]: D4-D5
[Done Queue]: D3

======================= T:56=======================
[Waiting-to-Enter Queue]: 
[Food Stall: Bamboo Shop]: D6-D7-D8
[Waiting-to-Seat Queue]: 
[Table 3]: D4-D5
[Done Queue]: D3

@D6-3 at Bamboo Shop using DEFAULT payment which requires 3 period(s) to process payment.
======================= T:57=======================
[Waiting-to-Enter Queue]: 
[Food Stall: Bamboo Shop]: D6-D7-D8
[Waiting-to-Seat Queue]: 
[Table 3]: D4-D5
[Done Queue]: D3

======================= T:58=======================
[Waiting-to-Enter Queue]: 
[Food Stall: Bamboo Shop]: D6-D7-D8
[Waiting-to-Seat Queue]: 
[Table 3]: D4-D5
[Done Queue]: D3

======================= T:59=======================
[Waiting-to-Enter Queue]: 
[Food Stall: Bamboo Shop]: D6-D7-D8
[Waiting-to-Seat Queue]: 
[Table 3]: D4-D5
[Done Queue]: D3

======================= T:60=======================
[Waiting-to-Enter Queue]: 
[Food Stall: Bamboo Shop]: D6-D7-D8
[Waiting-to-Seat Queue]: 
[Table 3]: D4-D5
[Done Queue]: D3

@D4-7is done eating.
@D6-4 retrieves food from Bamboo Shop, and goes to Waiting-to-Seat Queue.
======================= T:61=======================
[Waiting-to-Enter Queue]: 
[Food Stall: Bamboo Shop]: D7-D8
[Waiting-to-Seat Queue]: D6
[Table 3]: D5
[Done Queue]: D3-D4

@D6-5 sits at Table 1.
@D7-2 orders from Bamboo Shop, and will need to wait for 9 periods to cook.
======================= T:62=======================
[Waiting-to-Enter Queue]: 
[Food Stall: Bamboo Shop]: D7-D8
[Waiting-to-Seat Queue]: 
[Table 3]: D5-D6
[Done Queue]: D3-D4

@D6-6 eats at the table, and will need 28 periods to eat his/her meal.
======================= T:63=======================
[Waiting-to-Enter Queue]: 
[Food Stall: Bamboo Shop]: D7-D8
[Waiting-to-Seat Queue]: 
[Table 3]: D5-D6
[Done Queue]: D3-D4

======================= T:64=======================
[Waiting-to-Enter Queue]: 
[Food Stall: Bamboo Shop]: D7-D8
[Waiting-to-Seat Queue]: 
[Table 3]: D5-D6
[Done Queue]: D3-D4

======================= T:65=======================
[Waiting-to-Enter Queue]: 
[Food Stall: Bamboo Shop]: D7-D8
[Waiting-to-Seat Queue]: 
[Table 3]: D5-D6
[Done Queue]: D3-D4

======================= T:66=======================
[Waiting-to-Enter Queue]: 
[Food Stall: Bamboo Shop]: D7-D8
[Waiting-to-Seat Queue]: 
[Table 3]: D5-D6
[Done Queue]: D3-D4

======================= T:67=======================
[Waiting-to-Enter Queue]: 
[Food Stall: Bamboo Shop]: D7-D8
[Waiting-to-Seat Queue]: 
[Table 3]: D5-D6
[Done Queue]: D3-D4

======================= T:68=======================
[Waiting-to-Enter Queue]: 
[Food Stall: Bamboo Shop]: D7-D8
[Waiting-to-Seat Queue]: 
[Table 3]: D5-D6
[Done Queue]: D3-D4

======================= T:69=======================
[Waiting-to-Enter Queue]: 
[Food Stall: Bamboo Shop]: D7-D8
[Waiting-to-Seat Queue]: 
[Table 3]: D5-D6
[Done Queue]: D3-D4

======================= T:70=======================
[Waiting-to-Enter Queue]: 
[Food Stall: Bamboo Shop]: D7-D8
[Waiting-to-Seat Queue]: 
[Table 3]: D5-D6
[Done Queue]: D3-D4

======================= T:71=======================
[Waiting-to-Enter Queue]: 
[Food Stall: Bamboo Shop]: D7-D8
[Waiting-to-Seat Queue]: 
[Table 3]: D5-D6
[Done Queue]: D3-D4

@D7-3 at Bamboo Shop using DEFAULT payment which requires 3 period(s) to process payment.
======================= T:72=======================
[Waiting-to-Enter Queue]: 
[Food Stall: Bamboo Shop]: D7-D8
[Waiting-to-Seat Queue]: 
[Table 3]: D5-D6
[Done Queue]: D3-D4

======================= T:73=======================
[Waiting-to-Enter Queue]: 
[Food Stall: Bamboo Shop]: D7-D8
[Waiting-to-Seat Queue]: 
[Table 3]: D5-D6
[Done Queue]: D3-D4

======================= T:74=======================
[Waiting-to-Enter Queue]: 
[Food Stall: Bamboo Shop]: D7-D8
[Waiting-to-Seat Queue]: 
[Table 3]: D5-D6
[Done Queue]: D3-D4

======================= T:75=======================
[Waiting-to-Enter Queue]: 
[Food Stall: Bamboo Shop]: D7-D8
[Waiting-to-Seat Queue]: 
[Table 3]: D5-D6
[Done Queue]: D3-D4

@D5-7is done eating.
@D7-4 retrieves food from Bamboo Shop, and goes to Waiting-to-Seat Queue.
======================= T:76=======================
[Waiting-to-Enter Queue]: 
[Food Stall: Bamboo Shop]: D8
[Waiting-to-Seat Queue]: D7
[Table 3]: D6
[Done Queue]: D3-D4-D5

@D7-5 sits at Table 1.
@D8-2 orders from Bamboo Shop, and will need to wait for 9 periods to cook.
======================= T:77=======================
[Waiting-to-Enter Queue]: 
[Food Stall: Bamboo Shop]: D8
[Waiting-to-Seat Queue]: 
[Table 3]: D6-D7
[Done Queue]: D3-D4-D5

@D7-6 eats at the table, and will need 28 periods to eat his/her meal.
======================= T:78=======================
[Waiting-to-Enter Queue]: 
[Food Stall: Bamboo Shop]: D8
[Waiting-to-Seat Queue]: 
[Table 3]: D6-D7
[Done Queue]: D3-D4-D5

======================= T:79=======================
[Waiting-to-Enter Queue]: 
[Food Stall: Bamboo Shop]: D8
[Waiting-to-Seat Queue]: 
[Table 3]: D6-D7
[Done Queue]: D3-D4-D5

======================= T:80=======================
[Waiting-to-Enter Queue]: 
[Food Stall: Bamboo Shop]: D8
[Waiting-to-Seat Queue]: 
[Table 3]: D6-D7
[Done Queue]: D3-D4-D5

======================= T:81=======================
[Waiting-to-Enter Queue]: 
[Food Stall: Bamboo Shop]: D8
[Waiting-to-Seat Queue]: 
[Table 3]: D6-D7
[Done Queue]: D3-D4-D5

======================= T:82=======================
[Waiting-to-Enter Queue]: 
[Food Stall: Bamboo Shop]: D8
[Waiting-to-Seat Queue]: 
[Table 3]: D6-D7
[Done Queue]: D3-D4-D5

======================= T:83=======================
[Waiting-to-Enter Queue]: 
[Food Stall: Bamboo Shop]: D8
[Waiting-to-Seat Queue]: 
[Table 3]: D6-D7
[Done Queue]: D3-D4-D5

======================= T:84=======================
[Waiting-to-Enter Queue]: 
[Food Stall: Bamboo Shop]: D8
[Waiting-to-Seat Queue]: 
[Table 3]: D6-D7
[Done Queue]: D3-D4-D5

======================= T:85=======================
[Waiting-to-Enter Queue]: 
[Food Stall: Bamboo Shop]: D8
[Waiting-to-Seat Queue]: 
[Table 3]: D6-D7
[Done Queue]: D3-D4-D5

======================= T:86=======================
[Waiting-to-Enter Queue]: 
[Food Stall: Bamboo Shop]: D8
[Waiting-to-Seat Queue]: 
[Table 3]: D6-D7
[Done Queue]: D3-D4-D5

@D8-3 at Bamboo Shop using DEFAULT payment which requires 3 period(s) to process payment.
======================= T:87=======================
[Waiting-to-Enter Queue]: 
[Food Stall: Bamboo Shop]: D8
[Waiting-to-Seat Queue]: 
[Table 3]: D6-D7
[Done Queue]: D3-D4-D5

======================= T:88=======================
[Waiting-to-Enter Queue]: 
[Food Stall: Bamboo Shop]: D8
[Waiting-to-Seat Queue]: 
[Table 3]: D6-D7
[Done Queue]: D3-D4-D5

======================= T:89=======================
[Waiting-to-Enter Queue]: 
[Food Stall: Bamboo Shop]: D8
[Waiting-to-Seat Queue]: 
[Table 3]: D6-D7
[Done Queue]: D3-D4-D5

======================= T:90=======================
[Waiting-to-Enter Queue]: 
[Food Stall: Bamboo Shop]: D8
[Waiting-to-Seat Queue]: 
[Table 3]: D6-D7
[Done Queue]: D3-D4-D5

@D6-7is done eating.
@D8-4 retrieves food from Bamboo Shop, and goes to Waiting-to-Seat Queue.
======================= T:91=======================
[Waiting-to-Enter Queue]: 
[Food Stall: Bamboo Shop]: 
[Waiting-to-Seat Queue]: D8
[Table 3]: D7
[Done Queue]: D3-D4-D5-D6

@D8-5 sits at Table 1.
======================= T:92=======================
[Waiting-to-Enter Queue]: 
[Food Stall: Bamboo Shop]: 
[Waiting-to-Seat Queue]: 
[Table 3]: D7-D8
[Done Queue]: D3-D4-D5-D6

@D8-6 eats at the table, and will need 28 periods to eat his/her meal.
======================= T:93=======================
[Waiting-to-Enter Queue]: 
[Food Stall: Bamboo Shop]: 
[Waiting-to-Seat Queue]: 
[Table 3]: D7-D8
[Done Queue]: D3-D4-D5-D6

======================= T:94=======================
[Waiting-to-Enter Queue]: 
[Food Stall: Bamboo Shop]: 
[Waiting-to-Seat Queue]: 
[Table 3]: D7-D8
[Done Queue]: D3-D4-D5-D6

======================= T:95=======================
[Waiting-to-Enter Queue]: 
[Food Stall: Bamboo Shop]: 
[Waiting-to-Seat Queue]: 
[Table 3]: D7-D8
[Done Queue]: D3-D4-D5-D6

======================= T:96=======================
[Waiting-to-Enter Queue]: 
[Food Stall: Bamboo Shop]: 
[Waiting-to-Seat Queue]: 
[Table 3]: D7-D8
[Done Queue]: D3-D4-D5-D6

======================= T:97=======================
[Waiting-to-Enter Queue]: 
[Food Stall: Bamboo Shop]: 
[Waiting-to-Seat Queue]: 
[Table 3]: D7-D8
[Done Queue]: D3-D4-D5-D6

======================= T:98=======================
[Waiting-to-Enter Queue]: 
[Food Stall: Bamboo Shop]: 
[Waiting-to-Seat Queue]: 
[Table 3]: D7-D8
[Done Queue]: D3-D4-D5-D6

======================= T:99=======================
[Waiting-to-Enter Queue]: 
[Food Stall: Bamboo Shop]: 
[Waiting-to-Seat Queue]: 
[Table 3]: D7-D8
[Done Queue]: D3-D4-D5-D6

======================= T:100=======================
[Waiting-to-Enter Queue]: 
[Food Stall: Bamboo Shop]: 
[Waiting-to-Seat Queue]: 
[Table 3]: D7-D8
[Done Queue]: D3-D4-D5-D6

======================= T:101=======================
[Waiting-to-Enter Queue]: 
[Food Stall: Bamboo Shop]: 
[Waiting-to-Seat Queue]: 
[Table 3]: D7-D8
[Done Queue]: D3-D4-D5-D6

======================= T:102=======================
[Waiting-to-Enter Queue]: 
[Food Stall: Bamboo Shop]: 
[Waiting-to-Seat Queue]: 
[Table 3]: D7-D8
[Done Queue]: D3-D4-D5-D6

======================= T:103=======================
[Waiting-to-Enter Queue]: 
[Food Stall: Bamboo Shop]: 
[Waiting-to-Seat Queue]: 
[Table 3]: D7-D8
[Done Queue]: D3-D4-D5-D6

======================= T:104=======================
[Waiting-to-Enter Queue]: 
[Food Stall: Bamboo Shop]: 
[Waiting-to-Seat Queue]: 
[Table 3]: D7-D8
[Done Queue]: D3-D4-D5-D6

======================= T:105=======================
[Waiting-to-Enter Queue]: 
[Food Stall: Bamboo Shop]: 
[Waiting-to-Seat Queue]: 
[Table 3]: D7-D8
[Done Queue]: D3-D4-D5-D6

@D7-7is done eating.
======================= T:106=======================
[Waiting-to-Enter Queue]: 
[Food Stall: Bamboo Shop]: 
[Waiting-to-Seat Queue]: 
[Table 3]: D8
[Done Queue]: D3-D4-D5-D6-D7

======================= T:107=======================
[Waiting-to-Enter Queue]: 
[Food Stall: Bamboo Shop]: 
[Waiting-to-Seat Queue]: 
[Table 3]: D8
[Done Queue]: D3-D4-D5-D6-D7

======================= T:108=======================
[Waiting-to-Enter Queue]: 
[Food Stall: Bamboo Shop]: 
[Waiting-to-Seat Queue]: 
[Table 3]: D8
[Done Queue]: D3-D4-D5-D6-D7

======================= T:109=======================
[Waiting-to-Enter Queue]: 
[Food Stall: Bamboo Shop]: 
[Waiting-to-Seat Queue]: 
[Table 3]: D8
[Done Queue]: D3-D4-D5-D6-D7

======================= T:110=======================
[Waiting-to-Enter Queue]: 
[Food Stall: Bamboo Shop]: 
[Waiting-to-Seat Queue]: 
[Table 3]: D8
[Done Queue]: D3-D4-D5-D6-D7

======================= T:111=======================
[Waiting-to-Enter Queue]: 
[Food Stall: Bamboo Shop]: 
[Waiting-to-Seat Queue]: 
[Table 3]: D8
[Done Queue]: D3-D4-D5-D6-D7

======================= T:112=======================
[Waiting-to-Enter Queue]: 
[Food Stall: Bamboo Shop]: 
[Waiting-to-Seat Queue]: 
[Table 3]: D8
[Done Queue]: D3-D4-D5-D6-D7

======================= T:113=======================
[Waiting-to-Enter Queue]: 
[Food Stall: Bamboo Shop]: 
[Waiting-to-Seat Queue]: 
[Table 3]: D8
[Done Queue]: D3-D4-D5-D6-D7

======================= T:114=======================
[Waiting-to-Enter Queue]: 
[Food Stall: Bamboo Shop]: 
[Waiting-to-Seat Queue]: 
[Table 3]: D8
[Done Queue]: D3-D4-D5-D6-D7

======================= T:115=======================
[Waiting-to-Enter Queue]: 
[Food Stall: Bamboo Shop]: 
[Waiting-to-Seat Queue]: 
[Table 3]: D8
[Done Queue]: D3-D4-D5-D6-D7

======================= T:116=======================
[Waiting-to-Enter Queue]: 
[Food Stall: Bamboo Shop]: 
[Waiting-to-Seat Queue]: 
[Table 3]: D8
[Done Queue]: D3-D4-D5-D6-D7

======================= T:117=======================
[Waiting-to-Enter Queue]: 
[Food Stall: Bamboo Shop]: 
[Waiting-to-Seat Queue]: 
[Table 3]: D8
[Done Queue]: D3-D4-D5-D6-D7

======================= T:118=======================
[Waiting-to-Enter Queue]: 
[Food Stall: Bamboo Shop]: 
[Waiting-to-Seat Queue]: 
[Table 3]: D8
[Done Queue]: D3-D4-D5-D6-D7

======================= T:119=======================
[Waiting-to-Enter Queue]: 
[Food Stall: Bamboo Shop]: 
[Waiting-to-Seat Queue]: 
[Table 3]: D8
[Done Queue]: D3-D4-D5-D6-D7

======================= T:120=======================
[Waiting-to-Enter Queue]: 
[Food Stall: Bamboo Shop]: 
[Waiting-to-Seat Queue]: 
[Table 3]: D8
[Done Queue]: D3-D4-D5-D6-D7

@D8-7is done eating.
======================= T:121=======================
[Waiting-to-Enter Queue]: 
[Food Stall: Bamboo Shop]: 
[Waiting-to-Seat Queue]: 
[Table 3]: 
[Done Queue]: D3-D4-D5-D6-D7-D8

@@ Simulation Done. Great Job!!
