T=0	30	0	0	0	0
T=1	29	1	0	0	0
T=2	28	2	0	0	0
T=3	27	3	0	0	0
T=4	26	4	0	0	0
T=5	25	5	0	0	0
T=6	24	6	0	0	0
T=7	23	7	0	0	0
T=8	22	8	0	0	0
T=9	21	9	0	0	0
T=10	20	10	0	0	0
T=11	19	11	0	0	0
T=12	18	12	0	0	0
T=13	17	13	0	0	0
T=14	16	14	0	0	0
T=15	15	15	0	0	0
T=16	15	14	1	0	0
T=17	14	14	1	1	0
T=18	13	15	0	2	0
T=19	13	14	1	2	0
T=20	12	15	0	3	0
T=21	12	15	0	3	0
T=22	12	15	0	3	0
T=23	12	15	0	3	0
T=24	12	15	0	3	0
T=25	12	15	0	3	0
T=26	12	15	0	3	0
T=27	12	15	0	3	0
T=28	12	15	0	3	0
T=29	12	15	0	3	0
T=30	12	15	0	3	0
T=31	12	14	1	3	0
T=32	11	14	1	4	0
T=33	10	15	1	4	0
T=34	10	14	2	4	0
T=35	9	15	1	5	0
T=36	9	15	1	5	0
T=37	9	15	1	5	0
T=38	9	15	1	5	0
T=39	9	15	1	5	0
T=40	9	15	1	5	0
T=41	9	15	1	5	0
T=42	9	15	1	5	0
T=43	9	15	1	5	0
T=44	9	15	1	5	0
T=45	9	15	1	5	0
T=46	9	14	2	4	1
T=47	8	14	2	4	2
T=48	7	15	1	5	2
T=49	7	14	2	4	3
T=50	6	15	1	5	3
T=51	6	15	1	5	3
T=52	6	15	1	5	3
T=53	6	15	1	5	3
T=54	6	15	1	5	3
T=55	6	15	1	5	3
T=56	6	15	1	5	3
T=57	6	15	1	5	3
T=58	6	15	1	5	3
T=59	6	15	1	5	3
T=60	6	15	1	5	3
T=61	6	14	2	4	4
T=62	5	14	2	5	4
T=63	4	15	1	6	4
T=64	4	14	2	5	5
T=65	3	15	1	6	5
T=66	3	15	1	6	5
T=67	3	15	1	6	5
T=68	3	15	1	6	5
T=69	3	15	1	6	5
T=70	3	15	1	6	5
T=71	3	15	1	6	5
T=72	3	15	1	6	5
T=73	3	15	1	6	5
T=74	3	15	1	6	5
T=75	3	15	1	6	5
T=76	3	14	2	5	6
T=77	2	14	2	5	7
T=78	1	15	1	6	7
T=79	1	14	2	5	8
T=80	0	15	1	6	8
T=81	0	15	1	6	8
T=82	0	15	1	6	8
T=83	0	15	1	6	8
T=84	0	15	1	6	8
T=85	0	15	1	6	8
T=86	0	15	1	6	8
T=87	0	15	1	6	8
T=88	0	15	1	6	8
T=89	0	15	1	6	8
T=90	0	15	1	6	8
T=91	0	14	2	5	9
T=92	0	13	2	5	10
T=93	0	13	1	6	10
T=94	0	12	2	5	11
T=95	0	12	1	6	11
T=96	0	12	1	6	11
T=97	0	12	1	6	11
T=98	0	12	1	6	11
T=99	0	12	1	6	11
T=100	0	12	1	6	11
T=101	0	12	1	6	11
T=102	0	12	1	6	11
T=103	0	12	1	6	11
T=104	0	12	1	6	11
T=105	0	12	1	6	11
T=106	0	11	2	5	12
T=107	0	10	2	5	13
T=108	0	10	1	6	13
T=109	0	9	2	5	14
T=110	0	9	1	6	14
T=111	0	9	1	6	14
T=112	0	9	1	6	14
T=113	0	9	1	6	14
T=114	0	9	1	6	14
T=115	0	9	1	6	14
T=116	0	9	1	6	14
T=117	0	9	1	6	14
T=118	0	9	1	6	14
T=119	0	9	1	6	14
T=120	0	9	1	6	14
T=121	0	8	2	5	15
T=122	0	7	2	5	16
T=123	0	7	1	6	16
T=124	0	6	2	5	17
T=125	0	6	1	6	17
T=126	0	6	1	6	17
T=127	0	6	1	6	17
T=128	0	6	1	6	17
T=129	0	6	1	6	17
T=130	0	6	1	6	17
T=131	0	6	1	6	17
T=132	0	6	1	6	17
T=133	0	6	1	6	17
T=134	0	6	1	6	17
T=135	0	6	1	6	17
T=136	0	5	2	5	18
T=137	0	4	2	5	19
T=138	0	4	1	6	19
T=139	0	3	2	5	20
T=140	0	3	1	6	20
T=141	0	3	1	6	20
T=142	0	3	1	6	20
T=143	0	3	1	6	20
T=144	0	3	1	6	20
T=145	0	3	1	6	20
T=146	0	3	1	6	20
T=147	0	3	1	6	20
T=148	0	3	1	6	20
T=149	0	3	1	6	20
T=150	0	3	1	6	20
T=151	0	2	2	5	21
T=152	0	1	2	5	22
T=153	0	1	1	6	22
T=154	0	0	2	5	23
T=155	0	0	1	6	23
T=156	0	0	1	6	23
T=157	0	0	1	6	23
T=158	0	0	1	6	23
T=159	0	0	1	6	23
T=160	0	0	1	6	23
T=161	0	0	1	6	23
T=162	0	0	1	6	23
T=163	0	0	1	6	23
T=164	0	0	1	6	23
T=165	0	0	1	6	23
T=166	0	0	1	5	24
T=167	0	0	1	4	25
T=168	0	0	1	4	25
T=169	0	0	1	3	26
T=170	0	0	0	4	26
T=171	0	0	0	4	26
T=172	0	0	0	4	26
T=173	0	0	0	4	26
T=174	0	0	0	4	26
T=175	0	0	0	4	26
T=176	0	0	0	4	26
T=177	0	0	0	4	26
T=178	0	0	0	4	26
T=179	0	0	0	4	26
T=180	0	0	0	4	26
T=181	0	0	0	3	27
T=182	0	0	0	2	28
T=183	0	0	0	2	28
T=184	0	0	0	1	29
T=185	0	0	0	1	29
T=186	0	0	0	1	29
T=187	0	0	0	1	29
T=188	0	0	0	1	29
T=189	0	0	0	1	29
T=190	0	0	0	1	29
T=191	0	0	0	1	29
T=192	0	0	0	1	29
T=193	0	0	0	1	29
T=194	0	0	0	1	29
T=195	0	0	0	1	29
T=196	0	0	0	1	29
T=197	0	0	0	1	29
T=198	0	0	0	1	29
T=199	0	0	0	0	30
@@ Simulation Done. Great Job!!
